<?xml version="1.0" encoding="utf-8"?>
<CoverageSession xmlns:xsd="http://www.w3.org/2001/XMLSchema" xmlns:xsi="http://www.w3.org/2001/XMLSchema-instance" Version="0.0.0.0">
  <Summary numSequencePoints="830" visitedSequencePoints="783" numBranchPoints="0" visitedBranchPoints="0" sequenceCoverage="94.34" branchCoverage="0.0" maxCyclomaticComplexity="0" minCyclomaticComplexity="0" maxCrapScore="0" minCrapScore="0" visitedClasses="66" numClasses="66" visitedMethods="159" numMethods="161" />
  <Modules>
    <Module>
      <Summary numSequencePoints="280" visitedSequencePoints="280" numBranchPoints="0" visitedBranchPoints="0" sequenceCoverage="100.0" branchCoverage="0.0" maxCyclomaticComplexity="0" minCyclomaticComplexity="0" maxCrapScore="0" minCrapScore="0" visitedClasses="14" numClasses="14" visitedMethods="43" numMethods="43" />
      <ModuleTime>0001-01-01T00:00:00</ModuleTime>
      <ModuleName>unide.Sample-uGUI.Tests</ModuleName>
      <Files>
        <File uid="1" fullPath="D:/ws.github-uisawara/unide/Assets/Samples/Sample-uGUI/Tests/SampleuGUISceneWithSceneObjectTests.cs" />
        <File uid="2" fullPath="D:/ws.github-uisawara/unide/Assets/Samples/Sample-uGUI/Tests/SampleuGUISceneWithViewObjectTests.cs" />
        <File uid="3" fullPath="D:/ws.github-uisawara/unide/Assets/Samples/Sample-uGUI/Tests/SampleuGUISceneTests.cs" />
      </Files>
      <Classes>
        <Class>
          <Summary numSequencePoints="11" visitedSequencePoints="11" numBranchPoints="0" visitedBranchPoints="0" sequenceCoverage="100.0" branchCoverage="0.0" maxCyclomaticComplexity="0" minCyclomaticComplexity="0" maxCrapScore="0" minCrapScore="0" visitedClasses="1" numClasses="1" visitedMethods="9" numMethods="9" />
          <FullName>SampleuGUISceneObject</FullName>
          <Methods>
            <Method visited="true" cyclomaticComplexity="0" nPathComplexity="0" sequenceCoverage="100.0" branchCoverage="0" crapScore="0" isConstructor="false" isStatic="false" isGetter="true" isSetter="false">
              <Summary numSequencePoints="1" visitedSequencePoints="1" numBranchPoints="0" visitedBranchPoints="0" sequenceCoverage="100.0" branchCoverage="0" maxCyclomaticComplexity="0" minCyclomaticComplexity="0" maxCrapScore="0" minCrapScore="0" visitedClasses="0" numClasses="0" visitedMethods="1" numMethods="1" />
              <MetadataToken>100663297</MetadataToken>
              <Name>System.String SampleuGUISceneObject::get_SceneName()</Name>
              <FileRef uid="1" />
              <SequencePoints>
                <SequencePoint vc="1" uspid="626" ordinal="0" offset="0" sl="90" sc="41" el="90" ec="41" bec="0" bev="0" fileid="1" />
              </SequencePoints>
              <BranchPoints />
            </Method>
            <Method visited="true" cyclomaticComplexity="0" nPathComplexity="0" sequenceCoverage="100.0" branchCoverage="0" crapScore="0" isConstructor="false" isStatic="false" isGetter="true" isSetter="false">
              <Summary numSequencePoints="1" visitedSequencePoints="1" numBranchPoints="0" visitedBranchPoints="0" sequenceCoverage="100.0" branchCoverage="0" maxCyclomaticComplexity="0" minCyclomaticComplexity="0" maxCrapScore="0" minCrapScore="0" visitedClasses="0" numClasses="0" visitedMethods="1" numMethods="1" />
              <MetadataToken>100663299</MetadataToken>
              <Name>Cysharp.Threading.Tasks.UniTask[UnideQuery] SampleuGUISceneObject::get_TopPage()</Name>
              <FileRef uid="1" />
              <SequencePoints>
                <SequencePoint vc="8" uspid="627" ordinal="0" offset="0" sl="95" sc="43" el="95" ec="43" bec="0" bev="0" fileid="1" />
              </SequencePoints>
              <BranchPoints />
            </Method>
            <Method visited="true" cyclomaticComplexity="0" nPathComplexity="0" sequenceCoverage="100.0" branchCoverage="0" crapScore="0" isConstructor="false" isStatic="false" isGetter="true" isSetter="false">
              <Summary numSequencePoints="1" visitedSequencePoints="1" numBranchPoints="0" visitedBranchPoints="0" sequenceCoverage="100.0" branchCoverage="0" maxCyclomaticComplexity="0" minCyclomaticComplexity="0" maxCrapScore="0" minCrapScore="0" visitedClasses="0" numClasses="0" visitedMethods="1" numMethods="1" />
              <MetadataToken>100663300</MetadataToken>
              <Name>Cysharp.Threading.Tasks.UniTask[UnideQuery] SampleuGUISceneObject::get_SubPageA()</Name>
              <FileRef uid="1" />
              <SequencePoints>
                <SequencePoint vc="7" uspid="628" ordinal="0" offset="0" sl="96" sc="44" el="96" ec="44" bec="0" bev="0" fileid="1" />
              </SequencePoints>
              <BranchPoints />
            </Method>
            <Method visited="true" cyclomaticComplexity="0" nPathComplexity="0" sequenceCoverage="100.0" branchCoverage="0" crapScore="0" isConstructor="false" isStatic="false" isGetter="true" isSetter="false">
              <Summary numSequencePoints="1" visitedSequencePoints="1" numBranchPoints="0" visitedBranchPoints="0" sequenceCoverage="100.0" branchCoverage="0" maxCyclomaticComplexity="0" minCyclomaticComplexity="0" maxCrapScore="0" minCrapScore="0" visitedClasses="0" numClasses="0" visitedMethods="1" numMethods="1" />
              <MetadataToken>100663301</MetadataToken>
              <Name>Cysharp.Threading.Tasks.UniTask[UnideQuery] SampleuGUISceneObject::get_SubPageB()</Name>
              <FileRef uid="1" />
              <SequencePoints>
                <SequencePoint vc="7" uspid="629" ordinal="0" offset="0" sl="97" sc="44" el="97" ec="44" bec="0" bev="0" fileid="1" />
              </SequencePoints>
              <BranchPoints />
            </Method>
            <Method visited="true" cyclomaticComplexity="0" nPathComplexity="0" sequenceCoverage="100.0" branchCoverage="0" crapScore="0" isConstructor="false" isStatic="false" isGetter="true" isSetter="false">
              <Summary numSequencePoints="1" visitedSequencePoints="1" numBranchPoints="0" visitedBranchPoints="0" sequenceCoverage="100.0" branchCoverage="0" maxCyclomaticComplexity="0" minCyclomaticComplexity="0" maxCrapScore="0" minCrapScore="0" visitedClasses="0" numClasses="0" visitedMethods="1" numMethods="1" />
              <MetadataToken>100663302</MetadataToken>
              <Name>Cysharp.Threading.Tasks.UniTask[UnideQuery] SampleuGUISceneObject::get_SubPageAButton()</Name>
              <FileRef uid="1" />
              <SequencePoints>
                <SequencePoint vc="1" uspid="630" ordinal="0" offset="0" sl="98" sc="50" el="98" ec="50" bec="0" bev="0" fileid="1" />
              </SequencePoints>
              <BranchPoints />
            </Method>
            <Method visited="true" cyclomaticComplexity="0" nPathComplexity="0" sequenceCoverage="100.0" branchCoverage="0" crapScore="0" isConstructor="false" isStatic="false" isGetter="true" isSetter="false">
              <Summary numSequencePoints="1" visitedSequencePoints="1" numBranchPoints="0" visitedBranchPoints="0" sequenceCoverage="100.0" branchCoverage="0" maxCyclomaticComplexity="0" minCyclomaticComplexity="0" maxCrapScore="0" minCrapScore="0" visitedClasses="0" numClasses="0" visitedMethods="1" numMethods="1" />
              <MetadataToken>100663303</MetadataToken>
              <Name>Cysharp.Threading.Tasks.UniTask[UnideQuery] SampleuGUISceneObject::get_SubPageBButton()</Name>
              <FileRef uid="1" />
              <SequencePoints>
                <SequencePoint vc="1" uspid="631" ordinal="0" offset="0" sl="99" sc="50" el="99" ec="50" bec="0" bev="0" fileid="1" />
              </SequencePoints>
              <BranchPoints />
            </Method>
            <Method visited="true" cyclomaticComplexity="0" nPathComplexity="0" sequenceCoverage="100.0" branchCoverage="0" crapScore="0" isConstructor="false" isStatic="false" isGetter="true" isSetter="false">
              <Summary numSequencePoints="1" visitedSequencePoints="1" numBranchPoints="0" visitedBranchPoints="0" sequenceCoverage="100.0" branchCoverage="0" maxCyclomaticComplexity="0" minCyclomaticComplexity="0" maxCrapScore="0" minCrapScore="0" visitedClasses="0" numClasses="0" visitedMethods="1" numMethods="1" />
              <MetadataToken>100663304</MetadataToken>
              <Name>Cysharp.Threading.Tasks.UniTask[UnideQuery] SampleuGUISceneObject::get_SubPageABackButton()</Name>
              <FileRef uid="1" />
              <SequencePoints>
                <SequencePoint vc="1" uspid="632" ordinal="0" offset="0" sl="100" sc="54" el="100" ec="54" bec="0" bev="0" fileid="1" />
              </SequencePoints>
              <BranchPoints />
            </Method>
            <Method visited="true" cyclomaticComplexity="0" nPathComplexity="0" sequenceCoverage="100.0" branchCoverage="0" crapScore="0" isConstructor="false" isStatic="false" isGetter="true" isSetter="false">
              <Summary numSequencePoints="1" visitedSequencePoints="1" numBranchPoints="0" visitedBranchPoints="0" sequenceCoverage="100.0" branchCoverage="0" maxCyclomaticComplexity="0" minCyclomaticComplexity="0" maxCrapScore="0" minCrapScore="0" visitedClasses="0" numClasses="0" visitedMethods="1" numMethods="1" />
              <MetadataToken>100663305</MetadataToken>
              <Name>Cysharp.Threading.Tasks.UniTask[UnideQuery] SampleuGUISceneObject::get_SubPageBBackButton()</Name>
              <FileRef uid="1" />
              <SequencePoints>
                <SequencePoint vc="1" uspid="633" ordinal="0" offset="0" sl="101" sc="54" el="101" ec="54" bec="0" bev="0" fileid="1" />
              </SequencePoints>
              <BranchPoints />
            </Method>
            <Method visited="true" cyclomaticComplexity="0" nPathComplexity="0" sequenceCoverage="100.0" branchCoverage="0" crapScore="0" isConstructor="true" isStatic="false" isGetter="false" isSetter="false">
              <Summary numSequencePoints="3" visitedSequencePoints="3" numBranchPoints="0" visitedBranchPoints="0" sequenceCoverage="100.0" branchCoverage="0" maxCyclomaticComplexity="0" minCyclomaticComplexity="0" maxCrapScore="0" minCrapScore="0" visitedClasses="0" numClasses="0" visitedMethods="1" numMethods="1" />
              <MetadataToken>100663298</MetadataToken>
              <Name>SampleuGUISceneObject::SampleuGUISceneObject(IUnideDriver)</Name>
              <FileRef uid="1" />
              <SequencePoints>
                <SequencePoint vc="1" uspid="634" ordinal="0" offset="0" sl="92" sc="52" el="92" ec="52" bec="0" bev="0" fileid="1" />
                <SequencePoint vc="1" uspid="635" ordinal="0" offset="8" sl="93" sc="5" el="93" ec="5" bec="0" bev="0" fileid="1" />
                <SequencePoint vc="1" uspid="636" ordinal="0" offset="9" sl="93" sc="7" el="93" ec="7" bec="0" bev="0" fileid="1" />
              </SequencePoints>
              <BranchPoints />
            </Method>
          </Methods>
        </Class>
        <Class>
          <Summary numSequencePoints="10" visitedSequencePoints="10" numBranchPoints="0" visitedBranchPoints="0" sequenceCoverage="100.0" branchCoverage="0.0" maxCyclomaticComplexity="0" minCyclomaticComplexity="0" maxCrapScore="0" minCrapScore="0" visitedClasses="1" numClasses="1" visitedMethods="5" numMethods="5" />
          <FullName>SampleuGUISceneAndViewObject</FullName>
          <Methods>
            <Method visited="true" cyclomaticComplexity="0" nPathComplexity="0" sequenceCoverage="100.0" branchCoverage="0" crapScore="0" isConstructor="false" isStatic="false" isGetter="true" isSetter="false">
              <Summary numSequencePoints="1" visitedSequencePoints="1" numBranchPoints="0" visitedBranchPoints="0" sequenceCoverage="100.0" branchCoverage="0" maxCyclomaticComplexity="0" minCyclomaticComplexity="0" maxCrapScore="0" minCrapScore="0" visitedClasses="0" numClasses="0" visitedMethods="1" numMethods="1" />
              <MetadataToken>100663306</MetadataToken>
              <Name>System.String SampleuGUISceneAndViewObject::get_SceneName()</Name>
              <FileRef uid="2" />
              <SequencePoints>
                <SequencePoint vc="1" uspid="637" ordinal="0" offset="0" sl="90" sc="41" el="90" ec="41" bec="0" bev="0" fileid="2" />
              </SequencePoints>
              <BranchPoints />
            </Method>
            <Method visited="true" cyclomaticComplexity="0" nPathComplexity="0" sequenceCoverage="100.0" branchCoverage="0" crapScore="0" isConstructor="false" isStatic="false" isGetter="true" isSetter="false">
              <Summary numSequencePoints="1" visitedSequencePoints="1" numBranchPoints="0" visitedBranchPoints="0" sequenceCoverage="100.0" branchCoverage="0" maxCyclomaticComplexity="0" minCyclomaticComplexity="0" maxCrapScore="0" minCrapScore="0" visitedClasses="0" numClasses="0" visitedMethods="1" numMethods="1" />
              <MetadataToken>100663307</MetadataToken>
              <Name>SampleuGUISceneAndViewObject/TopPageObject SampleuGUISceneAndViewObject::get_TopPage()</Name>
              <FileRef uid="2" />
              <SequencePoints>
                <SequencePoint vc="8" uspid="638" ordinal="0" offset="0" sl="92" sc="36" el="92" ec="36" bec="0" bev="0" fileid="2" />
              </SequencePoints>
              <BranchPoints />
            </Method>
            <Method visited="true" cyclomaticComplexity="0" nPathComplexity="0" sequenceCoverage="100.0" branchCoverage="0" crapScore="0" isConstructor="false" isStatic="false" isGetter="true" isSetter="false">
              <Summary numSequencePoints="1" visitedSequencePoints="1" numBranchPoints="0" visitedBranchPoints="0" sequenceCoverage="100.0" branchCoverage="0" maxCyclomaticComplexity="0" minCyclomaticComplexity="0" maxCrapScore="0" minCrapScore="0" visitedClasses="0" numClasses="0" visitedMethods="1" numMethods="1" />
              <MetadataToken>100663308</MetadataToken>
              <Name>SampleuGUISceneAndViewObject/SubPageAObject SampleuGUISceneAndViewObject::get_SubPageA()</Name>
              <FileRef uid="2" />
              <SequencePoints>
                <SequencePoint vc="7" uspid="639" ordinal="0" offset="0" sl="93" sc="38" el="93" ec="38" bec="0" bev="0" fileid="2" />
              </SequencePoints>
              <BranchPoints />
            </Method>
            <Method visited="true" cyclomaticComplexity="0" nPathComplexity="0" sequenceCoverage="100.0" branchCoverage="0" crapScore="0" isConstructor="false" isStatic="false" isGetter="true" isSetter="false">
              <Summary numSequencePoints="1" visitedSequencePoints="1" numBranchPoints="0" visitedBranchPoints="0" sequenceCoverage="100.0" branchCoverage="0" maxCyclomaticComplexity="0" minCyclomaticComplexity="0" maxCrapScore="0" minCrapScore="0" visitedClasses="0" numClasses="0" visitedMethods="1" numMethods="1" />
              <MetadataToken>100663309</MetadataToken>
              <Name>SampleuGUISceneAndViewObject/SubPageBObject SampleuGUISceneAndViewObject::get_SubPageB()</Name>
              <FileRef uid="2" />
              <SequencePoints>
                <SequencePoint vc="7" uspid="640" ordinal="0" offset="0" sl="94" sc="38" el="94" ec="38" bec="0" bev="0" fileid="2" />
              </SequencePoints>
              <BranchPoints />
            </Method>
            <Method visited="true" cyclomaticComplexity="0" nPathComplexity="0" sequenceCoverage="100.0" branchCoverage="0" crapScore="0" isConstructor="true" isStatic="false" isGetter="false" isSetter="false">
              <Summary numSequencePoints="6" visitedSequencePoints="6" numBranchPoints="0" visitedBranchPoints="0" sequenceCoverage="100.0" branchCoverage="0" maxCyclomaticComplexity="0" minCyclomaticComplexity="0" maxCrapScore="0" minCrapScore="0" visitedClasses="0" numClasses="0" visitedMethods="1" numMethods="1" />
              <MetadataToken>100663310</MetadataToken>
              <Name>SampleuGUISceneAndViewObject::SampleuGUISceneAndViewObject(IUnideDriver)</Name>
              <FileRef uid="2" />
              <SequencePoints>
                <SequencePoint vc="1" uspid="641" ordinal="0" offset="0" sl="96" sc="59" el="96" ec="59" bec="0" bev="0" fileid="2" />
                <SequencePoint vc="1" uspid="642" ordinal="0" offset="8" sl="97" sc="5" el="97" ec="5" bec="0" bev="0" fileid="2" />
                <SequencePoint vc="1" uspid="643" ordinal="0" offset="9" sl="98" sc="9" el="98" ec="9" bec="0" bev="0" fileid="2" />
                <SequencePoint vc="1" uspid="644" ordinal="0" offset="21" sl="99" sc="9" el="99" ec="9" bec="0" bev="0" fileid="2" />
                <SequencePoint vc="1" uspid="645" ordinal="0" offset="33" sl="100" sc="9" el="100" ec="9" bec="0" bev="0" fileid="2" />
                <SequencePoint vc="1" uspid="646" ordinal="0" offset="45" sl="101" sc="5" el="101" ec="5" bec="0" bev="0" fileid="2" />
              </SequencePoints>
              <BranchPoints />
            </Method>
          </Methods>
        </Class>
        <Class>
          <Summary numSequencePoints="13" visitedSequencePoints="13" numBranchPoints="0" visitedBranchPoints="0" sequenceCoverage="100.0" branchCoverage="0.0" maxCyclomaticComplexity="0" minCyclomaticComplexity="0" maxCrapScore="0" minCrapScore="0" visitedClasses="1" numClasses="1" visitedMethods="5" numMethods="5" />
          <FullName>Samples.Sample_uGUI.Tests.SampleuGUISceneTests</FullName>
          <Methods>
            <Method visited="true" cyclomaticComplexity="0" nPathComplexity="0" sequenceCoverage="100.0" branchCoverage="0" crapScore="0" isConstructor="false" isStatic="false" isGetter="true" isSetter="false">
              <Summary numSequencePoints="1" visitedSequencePoints="1" numBranchPoints="0" visitedBranchPoints="0" sequenceCoverage="100.0" branchCoverage="0" maxCyclomaticComplexity="0" minCyclomaticComplexity="0" maxCrapScore="0" minCrapScore="0" visitedClasses="0" numClasses="0" visitedMethods="1" numMethods="1" />
              <MetadataToken>100663313</MetadataToken>
              <Name>Cysharp.Threading.Tasks.UniTask[UnideQuery] Samples.Sample_uGUI.Tests.SampleuGUISceneTests::get_Q()</Name>
              <FileRef uid="3" />
              <SequencePoints>
                <SequencePoint vc="22" uspid="647" ordinal="0" offset="0" sl="15" sc="42" el="15" ec="42" bec="0" bev="0" fileid="3" />
              </SequencePoints>
              <BranchPoints />
            </Method>
            <Method visited="true" cyclomaticComplexity="0" nPathComplexity="0" sequenceCoverage="100.0" branchCoverage="0" crapScore="0" isConstructor="false" isStatic="false" isGetter="false" isSetter="false">
              <Summary numSequencePoints="5" visitedSequencePoints="5" numBranchPoints="0" visitedBranchPoints="0" sequenceCoverage="100.0" branchCoverage="0" maxCyclomaticComplexity="0" minCyclomaticComplexity="0" maxCrapScore="0" minCrapScore="0" visitedClasses="0" numClasses="0" visitedMethods="1" numMethods="1" />
              <MetadataToken>100663315</MetadataToken>
              <Name>System.Void Samples.Sample_uGUI.Tests.SampleuGUISceneTests::OneTimeSetUp()</Name>
              <FileRef uid="3" />
              <SequencePoints>
                <SequencePoint vc="1" uspid="648" ordinal="0" offset="0" sl="25" sc="9" el="25" ec="9" bec="0" bev="0" fileid="3" />
                <SequencePoint vc="1" uspid="649" ordinal="0" offset="1" sl="26" sc="13" el="26" ec="13" bec="0" bev="0" fileid="3" />
                <SequencePoint vc="1" uspid="650" ordinal="0" offset="18" sl="27" sc="13" el="27" ec="13" bec="0" bev="0" fileid="3" />
                <SequencePoint vc="1" uspid="651" ordinal="0" offset="45" sl="28" sc="13" el="28" ec="13" bec="0" bev="0" fileid="3" />
                <SequencePoint vc="1" uspid="652" ordinal="0" offset="58" sl="29" sc="9" el="29" ec="9" bec="0" bev="0" fileid="3" />
              </SequencePoints>
              <BranchPoints />
            </Method>
            <Method visited="true" cyclomaticComplexity="0" nPathComplexity="0" sequenceCoverage="100.0" branchCoverage="0" crapScore="0" isConstructor="false" isStatic="false" isGetter="false" isSetter="false">
              <Summary numSequencePoints="1" visitedSequencePoints="1" numBranchPoints="0" visitedBranchPoints="0" sequenceCoverage="100.0" branchCoverage="0" maxCyclomaticComplexity="0" minCyclomaticComplexity="0" maxCrapScore="0" minCrapScore="0" visitedClasses="0" numClasses="0" visitedMethods="1" numMethods="1" />
              <MetadataToken>100663316</MetadataToken>
              <Name>System.Collections.IEnumerator Samples.Sample_uGUI.Tests.SampleuGUISceneTests::ページAに画面遷移で往復できる()</Name>
              <FileRef uid="3" />
              <SequencePoints>
                <SequencePoint vc="1" uspid="653" ordinal="0" offset="0" sl="32" sc="49" el="32" ec="49" bec="0" bev="0" fileid="3" />
              </SequencePoints>
              <BranchPoints />
            </Method>
            <Method visited="true" cyclomaticComplexity="0" nPathComplexity="0" sequenceCoverage="100.0" branchCoverage="0" crapScore="0" isConstructor="false" isStatic="false" isGetter="false" isSetter="false">
              <Summary numSequencePoints="1" visitedSequencePoints="1" numBranchPoints="0" visitedBranchPoints="0" sequenceCoverage="100.0" branchCoverage="0" maxCyclomaticComplexity="0" minCyclomaticComplexity="0" maxCrapScore="0" minCrapScore="0" visitedClasses="0" numClasses="0" visitedMethods="1" numMethods="1" />
              <MetadataToken>100663317</MetadataToken>
              <Name>System.Collections.IEnumerator Samples.Sample_uGUI.Tests.SampleuGUISceneTests::ページBに画面遷移で往復できる()</Name>
              <FileRef uid="3" />
              <SequencePoints>
                <SequencePoint vc="1" uspid="654" ordinal="0" offset="0" sl="62" sc="49" el="62" ec="49" bec="0" bev="0" fileid="3" />
              </SequencePoints>
              <BranchPoints />
            </Method>
            <Method visited="true" cyclomaticComplexity="0" nPathComplexity="0" sequenceCoverage="100.0" branchCoverage="0" crapScore="0" isConstructor="true" isStatic="false" isGetter="false" isSetter="false">
              <Summary numSequencePoints="5" visitedSequencePoints="5" numBranchPoints="0" visitedBranchPoints="0" sequenceCoverage="100.0" branchCoverage="0" maxCyclomaticComplexity="0" minCyclomaticComplexity="0" maxCrapScore="0" minCrapScore="0" visitedClasses="0" numClasses="0" visitedMethods="1" numMethods="1" />
              <MetadataToken>100663314</MetadataToken>
              <Name>Samples.Sample_uGUI.Tests.SampleuGUISceneTests::SampleuGUISceneTests()</Name>
              <FileRef uid="3" />
              <SequencePoints>
                <SequencePoint vc="1" uspid="655" ordinal="0" offset="0" sl="17" sc="9" el="17" ec="9" bec="0" bev="0" fileid="3" />
                <SequencePoint vc="1" uspid="656" ordinal="0" offset="7" sl="18" sc="9" el="18" ec="9" bec="0" bev="0" fileid="3" />
                <SequencePoint vc="1" uspid="657" ordinal="0" offset="8" sl="19" sc="13" el="19" ec="13" bec="0" bev="0" fileid="3" />
                <SequencePoint vc="1" uspid="658" ordinal="0" offset="19" sl="20" sc="13" el="20" ec="13" bec="0" bev="0" fileid="3" />
                <SequencePoint vc="1" uspid="659" ordinal="0" offset="36" sl="21" sc="9" el="21" ec="9" bec="0" bev="0" fileid="3" />
              </SequencePoints>
              <BranchPoints />
            </Method>
          </Methods>
        </Class>
        <Class>
          <Summary numSequencePoints="10" visitedSequencePoints="10" numBranchPoints="0" visitedBranchPoints="0" sequenceCoverage="100.0" branchCoverage="0.0" maxCyclomaticComplexity="0" minCyclomaticComplexity="0" maxCrapScore="0" minCrapScore="0" visitedClasses="1" numClasses="1" visitedMethods="4" numMethods="4" />
          <FullName>Samples.Sample_uGUI.Tests.SampleuGUISceneWithSceneObjectTests</FullName>
          <Methods>
            <Method visited="true" cyclomaticComplexity="0" nPathComplexity="0" sequenceCoverage="100.0" branchCoverage="0" crapScore="0" isConstructor="false" isStatic="false" isGetter="false" isSetter="false">
              <Summary numSequencePoints="3" visitedSequencePoints="3" numBranchPoints="0" visitedBranchPoints="0" sequenceCoverage="100.0" branchCoverage="0" maxCyclomaticComplexity="0" minCyclomaticComplexity="0" maxCrapScore="0" minCrapScore="0" visitedClasses="0" numClasses="0" visitedMethods="1" numMethods="1" />
              <MetadataToken>100663321</MetadataToken>
              <Name>System.Void Samples.Sample_uGUI.Tests.SampleuGUISceneWithSceneObjectTests::OneTimeSetUp()</Name>
              <FileRef uid="1" />
              <SequencePoints>
                <SequencePoint vc="1" uspid="660" ordinal="0" offset="0" sl="21" sc="9" el="21" ec="9" bec="0" bev="0" fileid="1" />
                <SequencePoint vc="1" uspid="661" ordinal="0" offset="1" sl="22" sc="13" el="22" ec="13" bec="0" bev="0" fileid="1" />
                <SequencePoint vc="1" uspid="662" ordinal="0" offset="13" sl="23" sc="9" el="23" ec="9" bec="0" bev="0" fileid="1" />
              </SequencePoints>
              <BranchPoints />
            </Method>
            <Method visited="true" cyclomaticComplexity="0" nPathComplexity="0" sequenceCoverage="100.0" branchCoverage="0" crapScore="0" isConstructor="false" isStatic="false" isGetter="false" isSetter="false">
              <Summary numSequencePoints="1" visitedSequencePoints="1" numBranchPoints="0" visitedBranchPoints="0" sequenceCoverage="100.0" branchCoverage="0" maxCyclomaticComplexity="0" minCyclomaticComplexity="0" maxCrapScore="0" minCrapScore="0" visitedClasses="0" numClasses="0" visitedMethods="1" numMethods="1" />
              <MetadataToken>100663322</MetadataToken>
              <Name>System.Collections.IEnumerator Samples.Sample_uGUI.Tests.SampleuGUISceneWithSceneObjectTests::ページAに画面遷移で往復できる()</Name>
              <FileRef uid="1" />
              <SequencePoints>
                <SequencePoint vc="1" uspid="663" ordinal="0" offset="0" sl="26" sc="49" el="26" ec="49" bec="0" bev="0" fileid="1" />
              </SequencePoints>
              <BranchPoints />
            </Method>
            <Method visited="true" cyclomaticComplexity="0" nPathComplexity="0" sequenceCoverage="100.0" branchCoverage="0" crapScore="0" isConstructor="false" isStatic="false" isGetter="false" isSetter="false">
              <Summary numSequencePoints="1" visitedSequencePoints="1" numBranchPoints="0" visitedBranchPoints="0" sequenceCoverage="100.0" branchCoverage="0" maxCyclomaticComplexity="0" minCyclomaticComplexity="0" maxCrapScore="0" minCrapScore="0" visitedClasses="0" numClasses="0" visitedMethods="1" numMethods="1" />
              <MetadataToken>100663323</MetadataToken>
              <Name>System.Collections.IEnumerator Samples.Sample_uGUI.Tests.SampleuGUISceneWithSceneObjectTests::ページBに画面遷移で往復できる()</Name>
              <FileRef uid="1" />
              <SequencePoints>
                <SequencePoint vc="1" uspid="664" ordinal="0" offset="0" sl="55" sc="49" el="55" ec="49" bec="0" bev="0" fileid="1" />
              </SequencePoints>
              <BranchPoints />
            </Method>
            <Method visited="true" cyclomaticComplexity="0" nPathComplexity="0" sequenceCoverage="100.0" branchCoverage="0" crapScore="0" isConstructor="true" isStatic="false" isGetter="false" isSetter="false">
              <Summary numSequencePoints="5" visitedSequencePoints="5" numBranchPoints="0" visitedBranchPoints="0" sequenceCoverage="100.0" branchCoverage="0" maxCyclomaticComplexity="0" minCyclomaticComplexity="0" maxCrapScore="0" minCrapScore="0" visitedClasses="0" numClasses="0" visitedMethods="1" numMethods="1" />
              <MetadataToken>100663320</MetadataToken>
              <Name>Samples.Sample_uGUI.Tests.SampleuGUISceneWithSceneObjectTests::SampleuGUISceneWithSceneObjectTests()</Name>
              <FileRef uid="1" />
              <SequencePoints>
                <SequencePoint vc="1" uspid="665" ordinal="0" offset="0" sl="13" sc="9" el="13" ec="9" bec="0" bev="0" fileid="1" />
                <SequencePoint vc="1" uspid="666" ordinal="0" offset="7" sl="14" sc="9" el="14" ec="9" bec="0" bev="0" fileid="1" />
                <SequencePoint vc="1" uspid="667" ordinal="0" offset="8" sl="15" sc="13" el="15" ec="13" bec="0" bev="0" fileid="1" />
                <SequencePoint vc="1" uspid="668" ordinal="0" offset="19" sl="16" sc="13" el="16" ec="13" bec="0" bev="0" fileid="1" />
                <SequencePoint vc="1" uspid="669" ordinal="0" offset="36" sl="17" sc="9" el="17" ec="9" bec="0" bev="0" fileid="1" />
              </SequencePoints>
              <BranchPoints />
            </Method>
          </Methods>
        </Class>
        <Class>
          <Summary numSequencePoints="10" visitedSequencePoints="10" numBranchPoints="0" visitedBranchPoints="0" sequenceCoverage="100.0" branchCoverage="0.0" maxCyclomaticComplexity="0" minCyclomaticComplexity="0" maxCrapScore="0" minCrapScore="0" visitedClasses="1" numClasses="1" visitedMethods="4" numMethods="4" />
          <FullName>Samples.Sample_uGUI.Tests.SampleuGUISceneWithViewObjectTests</FullName>
          <Methods>
            <Method visited="true" cyclomaticComplexity="0" nPathComplexity="0" sequenceCoverage="100.0" branchCoverage="0" crapScore="0" isConstructor="false" isStatic="false" isGetter="false" isSetter="false">
              <Summary numSequencePoints="3" visitedSequencePoints="3" numBranchPoints="0" visitedBranchPoints="0" sequenceCoverage="100.0" branchCoverage="0" maxCyclomaticComplexity="0" minCyclomaticComplexity="0" maxCrapScore="0" minCrapScore="0" visitedClasses="0" numClasses="0" visitedMethods="1" numMethods="1" />
              <MetadataToken>100663327</MetadataToken>
              <Name>System.Void Samples.Sample_uGUI.Tests.SampleuGUISceneWithViewObjectTests::OneTimeSetUp()</Name>
              <FileRef uid="2" />
              <SequencePoints>
                <SequencePoint vc="1" uspid="670" ordinal="0" offset="0" sl="21" sc="9" el="21" ec="9" bec="0" bev="0" fileid="2" />
                <SequencePoint vc="1" uspid="671" ordinal="0" offset="1" sl="22" sc="13" el="22" ec="13" bec="0" bev="0" fileid="2" />
                <SequencePoint vc="1" uspid="672" ordinal="0" offset="13" sl="23" sc="9" el="23" ec="9" bec="0" bev="0" fileid="2" />
              </SequencePoints>
              <BranchPoints />
            </Method>
            <Method visited="true" cyclomaticComplexity="0" nPathComplexity="0" sequenceCoverage="100.0" branchCoverage="0" crapScore="0" isConstructor="false" isStatic="false" isGetter="false" isSetter="false">
              <Summary numSequencePoints="1" visitedSequencePoints="1" numBranchPoints="0" visitedBranchPoints="0" sequenceCoverage="100.0" branchCoverage="0" maxCyclomaticComplexity="0" minCyclomaticComplexity="0" maxCrapScore="0" minCrapScore="0" visitedClasses="0" numClasses="0" visitedMethods="1" numMethods="1" />
              <MetadataToken>100663328</MetadataToken>
              <Name>System.Collections.IEnumerator Samples.Sample_uGUI.Tests.SampleuGUISceneWithViewObjectTests::ページAに画面遷移で往復できる()</Name>
              <FileRef uid="2" />
              <SequencePoints>
                <SequencePoint vc="1" uspid="673" ordinal="0" offset="0" sl="26" sc="49" el="26" ec="49" bec="0" bev="0" fileid="2" />
              </SequencePoints>
              <BranchPoints />
            </Method>
            <Method visited="true" cyclomaticComplexity="0" nPathComplexity="0" sequenceCoverage="100.0" branchCoverage="0" crapScore="0" isConstructor="false" isStatic="false" isGetter="false" isSetter="false">
              <Summary numSequencePoints="1" visitedSequencePoints="1" numBranchPoints="0" visitedBranchPoints="0" sequenceCoverage="100.0" branchCoverage="0" maxCyclomaticComplexity="0" minCyclomaticComplexity="0" maxCrapScore="0" minCrapScore="0" visitedClasses="0" numClasses="0" visitedMethods="1" numMethods="1" />
              <MetadataToken>100663329</MetadataToken>
              <Name>System.Collections.IEnumerator Samples.Sample_uGUI.Tests.SampleuGUISceneWithViewObjectTests::ページBに画面遷移で往復できる()</Name>
              <FileRef uid="2" />
              <SequencePoints>
                <SequencePoint vc="1" uspid="674" ordinal="0" offset="0" sl="55" sc="49" el="55" ec="49" bec="0" bev="0" fileid="2" />
              </SequencePoints>
              <BranchPoints />
            </Method>
            <Method visited="true" cyclomaticComplexity="0" nPathComplexity="0" sequenceCoverage="100.0" branchCoverage="0" crapScore="0" isConstructor="true" isStatic="false" isGetter="false" isSetter="false">
              <Summary numSequencePoints="5" visitedSequencePoints="5" numBranchPoints="0" visitedBranchPoints="0" sequenceCoverage="100.0" branchCoverage="0" maxCyclomaticComplexity="0" minCyclomaticComplexity="0" maxCrapScore="0" minCrapScore="0" visitedClasses="0" numClasses="0" visitedMethods="1" numMethods="1" />
              <MetadataToken>100663326</MetadataToken>
              <Name>Samples.Sample_uGUI.Tests.SampleuGUISceneWithViewObjectTests::SampleuGUISceneWithViewObjectTests()</Name>
              <FileRef uid="2" />
              <SequencePoints>
                <SequencePoint vc="1" uspid="675" ordinal="0" offset="0" sl="13" sc="9" el="13" ec="9" bec="0" bev="0" fileid="2" />
                <SequencePoint vc="1" uspid="676" ordinal="0" offset="7" sl="14" sc="9" el="14" ec="9" bec="0" bev="0" fileid="2" />
                <SequencePoint vc="1" uspid="677" ordinal="0" offset="8" sl="15" sc="13" el="15" ec="13" bec="0" bev="0" fileid="2" />
                <SequencePoint vc="1" uspid="678" ordinal="0" offset="19" sl="16" sc="13" el="16" ec="13" bec="0" bev="0" fileid="2" />
                <SequencePoint vc="1" uspid="679" ordinal="0" offset="36" sl="17" sc="9" el="17" ec="9" bec="0" bev="0" fileid="2" />
              </SequencePoints>
              <BranchPoints />
            </Method>
          </Methods>
        </Class>
        <Class>
          <Summary numSequencePoints="6" visitedSequencePoints="6" numBranchPoints="0" visitedBranchPoints="0" sequenceCoverage="100.0" branchCoverage="0.0" maxCyclomaticComplexity="0" minCyclomaticComplexity="0" maxCrapScore="0" minCrapScore="0" visitedClasses="1" numClasses="1" visitedMethods="4" numMethods="4" />
          <FullName>SampleuGUISceneAndViewObject/TopPageObject</FullName>
          <Methods>
            <Method visited="true" cyclomaticComplexity="0" nPathComplexity="0" sequenceCoverage="100.0" branchCoverage="0" crapScore="0" isConstructor="false" isStatic="false" isGetter="true" isSetter="false">
              <Summary numSequencePoints="1" visitedSequencePoints="1" numBranchPoints="0" visitedBranchPoints="0" sequenceCoverage="100.0" branchCoverage="0" maxCyclomaticComplexity="0" minCyclomaticComplexity="0" maxCrapScore="0" minCrapScore="0" visitedClasses="0" numClasses="0" visitedMethods="1" numMethods="1" />
              <MetadataToken>100663333</MetadataToken>
              <Name>Cysharp.Threading.Tasks.UniTask[UnideQuery] SampleuGUISceneAndViewObject/TopPageObject::get_Page()</Name>
              <FileRef uid="2" />
              <SequencePoints>
                <SequencePoint vc="8" uspid="680" ordinal="0" offset="0" sl="107" sc="44" el="107" ec="44" bec="0" bev="0" fileid="2" />
              </SequencePoints>
              <BranchPoints />
            </Method>
            <Method visited="true" cyclomaticComplexity="0" nPathComplexity="0" sequenceCoverage="100.0" branchCoverage="0" crapScore="0" isConstructor="false" isStatic="false" isGetter="true" isSetter="false">
              <Summary numSequencePoints="1" visitedSequencePoints="1" numBranchPoints="0" visitedBranchPoints="0" sequenceCoverage="100.0" branchCoverage="0" maxCyclomaticComplexity="0" minCyclomaticComplexity="0" maxCrapScore="0" minCrapScore="0" visitedClasses="0" numClasses="0" visitedMethods="1" numMethods="1" />
              <MetadataToken>100663334</MetadataToken>
              <Name>Cysharp.Threading.Tasks.UniTask[UnideQuery] SampleuGUISceneAndViewObject/TopPageObject::get_SubPageAButton()</Name>
              <FileRef uid="2" />
              <SequencePoints>
                <SequencePoint vc="1" uspid="681" ordinal="0" offset="0" sl="108" sc="54" el="108" ec="54" bec="0" bev="0" fileid="2" />
              </SequencePoints>
              <BranchPoints />
            </Method>
            <Method visited="true" cyclomaticComplexity="0" nPathComplexity="0" sequenceCoverage="100.0" branchCoverage="0" crapScore="0" isConstructor="false" isStatic="false" isGetter="true" isSetter="false">
              <Summary numSequencePoints="1" visitedSequencePoints="1" numBranchPoints="0" visitedBranchPoints="0" sequenceCoverage="100.0" branchCoverage="0" maxCyclomaticComplexity="0" minCyclomaticComplexity="0" maxCrapScore="0" minCrapScore="0" visitedClasses="0" numClasses="0" visitedMethods="1" numMethods="1" />
              <MetadataToken>100663335</MetadataToken>
              <Name>Cysharp.Threading.Tasks.UniTask[UnideQuery] SampleuGUISceneAndViewObject/TopPageObject::get_SubPageBButton()</Name>
              <FileRef uid="2" />
              <SequencePoints>
                <SequencePoint vc="1" uspid="682" ordinal="0" offset="0" sl="109" sc="54" el="109" ec="54" bec="0" bev="0" fileid="2" />
              </SequencePoints>
              <BranchPoints />
            </Method>
            <Method visited="true" cyclomaticComplexity="0" nPathComplexity="0" sequenceCoverage="100.0" branchCoverage="0" crapScore="0" isConstructor="true" isStatic="false" isGetter="false" isSetter="false">
              <Summary numSequencePoints="3" visitedSequencePoints="3" numBranchPoints="0" visitedBranchPoints="0" sequenceCoverage="100.0" branchCoverage="0" maxCyclomaticComplexity="0" minCyclomaticComplexity="0" maxCrapScore="0" minCrapScore="0" visitedClasses="0" numClasses="0" visitedMethods="1" numMethods="1" />
              <MetadataToken>100663332</MetadataToken>
              <Name>SampleuGUISceneAndViewObject/TopPageObject::TopPageObject(SceneObjectBase)</Name>
              <FileRef uid="2" />
              <SequencePoints>
                <SequencePoint vc="1" uspid="683" ordinal="0" offset="0" sl="105" sc="61" el="105" ec="61" bec="0" bev="0" fileid="2" />
                <SequencePoint vc="1" uspid="684" ordinal="0" offset="8" sl="106" sc="9" el="106" ec="9" bec="0" bev="0" fileid="2" />
                <SequencePoint vc="1" uspid="685" ordinal="0" offset="9" sl="106" sc="11" el="106" ec="11" bec="0" bev="0" fileid="2" />
              </SequencePoints>
              <BranchPoints />
            </Method>
          </Methods>
        </Class>
        <Class>
          <Summary numSequencePoints="5" visitedSequencePoints="5" numBranchPoints="0" visitedBranchPoints="0" sequenceCoverage="100.0" branchCoverage="0.0" maxCyclomaticComplexity="0" minCyclomaticComplexity="0" maxCrapScore="0" minCrapScore="0" visitedClasses="1" numClasses="1" visitedMethods="3" numMethods="3" />
          <FullName>SampleuGUISceneAndViewObject/SubPageAObject</FullName>
          <Methods>
            <Method visited="true" cyclomaticComplexity="0" nPathComplexity="0" sequenceCoverage="100.0" branchCoverage="0" crapScore="0" isConstructor="false" isStatic="false" isGetter="true" isSetter="false">
              <Summary numSequencePoints="1" visitedSequencePoints="1" numBranchPoints="0" visitedBranchPoints="0" sequenceCoverage="100.0" branchCoverage="0" maxCyclomaticComplexity="0" minCyclomaticComplexity="0" maxCrapScore="0" minCrapScore="0" visitedClasses="0" numClasses="0" visitedMethods="1" numMethods="1" />
              <MetadataToken>100663337</MetadataToken>
              <Name>Cysharp.Threading.Tasks.UniTask[UnideQuery] SampleuGUISceneAndViewObject/SubPageAObject::get_Page()</Name>
              <FileRef uid="2" />
              <SequencePoints>
                <SequencePoint vc="7" uspid="686" ordinal="0" offset="0" sl="116" sc="44" el="116" ec="44" bec="0" bev="0" fileid="2" />
              </SequencePoints>
              <BranchPoints />
            </Method>
            <Method visited="true" cyclomaticComplexity="0" nPathComplexity="0" sequenceCoverage="100.0" branchCoverage="0" crapScore="0" isConstructor="false" isStatic="false" isGetter="true" isSetter="false">
              <Summary numSequencePoints="1" visitedSequencePoints="1" numBranchPoints="0" visitedBranchPoints="0" sequenceCoverage="100.0" branchCoverage="0" maxCyclomaticComplexity="0" minCyclomaticComplexity="0" maxCrapScore="0" minCrapScore="0" visitedClasses="0" numClasses="0" visitedMethods="1" numMethods="1" />
              <MetadataToken>100663338</MetadataToken>
              <Name>Cysharp.Threading.Tasks.UniTask[UnideQuery] SampleuGUISceneAndViewObject/SubPageAObject::get_BackButton()</Name>
              <FileRef uid="2" />
              <SequencePoints>
                <SequencePoint vc="1" uspid="687" ordinal="0" offset="0" sl="117" sc="50" el="117" ec="50" bec="0" bev="0" fileid="2" />
              </SequencePoints>
              <BranchPoints />
            </Method>
            <Method visited="true" cyclomaticComplexity="0" nPathComplexity="0" sequenceCoverage="100.0" branchCoverage="0" crapScore="0" isConstructor="true" isStatic="false" isGetter="false" isSetter="false">
              <Summary numSequencePoints="3" visitedSequencePoints="3" numBranchPoints="0" visitedBranchPoints="0" sequenceCoverage="100.0" branchCoverage="0" maxCyclomaticComplexity="0" minCyclomaticComplexity="0" maxCrapScore="0" minCrapScore="0" visitedClasses="0" numClasses="0" visitedMethods="1" numMethods="1" />
              <MetadataToken>100663336</MetadataToken>
              <Name>SampleuGUISceneAndViewObject/SubPageAObject::SubPageAObject(SceneObjectBase)</Name>
              <FileRef uid="2" />
              <SequencePoints>
                <SequencePoint vc="1" uspid="688" ordinal="0" offset="0" sl="114" sc="62" el="114" ec="62" bec="0" bev="0" fileid="2" />
                <SequencePoint vc="1" uspid="689" ordinal="0" offset="8" sl="115" sc="9" el="115" ec="9" bec="0" bev="0" fileid="2" />
                <SequencePoint vc="1" uspid="690" ordinal="0" offset="9" sl="115" sc="11" el="115" ec="11" bec="0" bev="0" fileid="2" />
              </SequencePoints>
              <BranchPoints />
            </Method>
          </Methods>
        </Class>
        <Class>
          <Summary numSequencePoints="5" visitedSequencePoints="5" numBranchPoints="0" visitedBranchPoints="0" sequenceCoverage="100.0" branchCoverage="0.0" maxCyclomaticComplexity="0" minCyclomaticComplexity="0" maxCrapScore="0" minCrapScore="0" visitedClasses="1" numClasses="1" visitedMethods="3" numMethods="3" />
          <FullName>SampleuGUISceneAndViewObject/SubPageBObject</FullName>
          <Methods>
            <Method visited="true" cyclomaticComplexity="0" nPathComplexity="0" sequenceCoverage="100.0" branchCoverage="0" crapScore="0" isConstructor="false" isStatic="false" isGetter="true" isSetter="false">
              <Summary numSequencePoints="1" visitedSequencePoints="1" numBranchPoints="0" visitedBranchPoints="0" sequenceCoverage="100.0" branchCoverage="0" maxCyclomaticComplexity="0" minCyclomaticComplexity="0" maxCrapScore="0" minCrapScore="0" visitedClasses="0" numClasses="0" visitedMethods="1" numMethods="1" />
              <MetadataToken>100663340</MetadataToken>
              <Name>Cysharp.Threading.Tasks.UniTask[UnideQuery] SampleuGUISceneAndViewObject/SubPageBObject::get_Page()</Name>
              <FileRef uid="2" />
              <SequencePoints>
                <SequencePoint vc="7" uspid="691" ordinal="0" offset="0" sl="124" sc="44" el="124" ec="44" bec="0" bev="0" fileid="2" />
              </SequencePoints>
              <BranchPoints />
            </Method>
            <Method visited="true" cyclomaticComplexity="0" nPathComplexity="0" sequenceCoverage="100.0" branchCoverage="0" crapScore="0" isConstructor="false" isStatic="false" isGetter="true" isSetter="false">
              <Summary numSequencePoints="1" visitedSequencePoints="1" numBranchPoints="0" visitedBranchPoints="0" sequenceCoverage="100.0" branchCoverage="0" maxCyclomaticComplexity="0" minCyclomaticComplexity="0" maxCrapScore="0" minCrapScore="0" visitedClasses="0" numClasses="0" visitedMethods="1" numMethods="1" />
              <MetadataToken>100663341</MetadataToken>
              <Name>Cysharp.Threading.Tasks.UniTask[UnideQuery] SampleuGUISceneAndViewObject/SubPageBObject::get_BackButton()</Name>
              <FileRef uid="2" />
              <SequencePoints>
                <SequencePoint vc="1" uspid="692" ordinal="0" offset="0" sl="125" sc="50" el="125" ec="50" bec="0" bev="0" fileid="2" />
              </SequencePoints>
              <BranchPoints />
            </Method>
            <Method visited="true" cyclomaticComplexity="0" nPathComplexity="0" sequenceCoverage="100.0" branchCoverage="0" crapScore="0" isConstructor="true" isStatic="false" isGetter="false" isSetter="false">
              <Summary numSequencePoints="3" visitedSequencePoints="3" numBranchPoints="0" visitedBranchPoints="0" sequenceCoverage="100.0" branchCoverage="0" maxCyclomaticComplexity="0" minCyclomaticComplexity="0" maxCrapScore="0" minCrapScore="0" visitedClasses="0" numClasses="0" visitedMethods="1" numMethods="1" />
              <MetadataToken>100663339</MetadataToken>
              <Name>SampleuGUISceneAndViewObject/SubPageBObject::SubPageBObject(SceneObjectBase)</Name>
              <FileRef uid="2" />
              <SequencePoints>
                <SequencePoint vc="1" uspid="693" ordinal="0" offset="0" sl="122" sc="62" el="122" ec="62" bec="0" bev="0" fileid="2" />
                <SequencePoint vc="1" uspid="694" ordinal="0" offset="8" sl="123" sc="9" el="123" ec="9" bec="0" bev="0" fileid="2" />
                <SequencePoint vc="1" uspid="695" ordinal="0" offset="9" sl="123" sc="11" el="123" ec="11" bec="0" bev="0" fileid="2" />
              </SequencePoints>
              <BranchPoints />
            </Method>
          </Methods>
        </Class>
        <Class>
          <Summary numSequencePoints="35" visitedSequencePoints="35" numBranchPoints="0" visitedBranchPoints="0" sequenceCoverage="100.0" branchCoverage="0.0" maxCyclomaticComplexity="0" minCyclomaticComplexity="0" maxCrapScore="0" minCrapScore="0" visitedClasses="1" numClasses="1" visitedMethods="1" numMethods="1" />
          <FullName>Samples.Sample_uGUI.Tests.SampleuGUISceneTests/&lt;&lt;ページAに画面遷移で往復できる&gt;b__6_0&gt;d</FullName>
          <Methods>
            <Method visited="true" cyclomaticComplexity="0" nPathComplexity="0" sequenceCoverage="100.0" branchCoverage="0" crapScore="0" isConstructor="false" isStatic="false" isGetter="false" isSetter="false">
              <Summary numSequencePoints="35" visitedSequencePoints="35" numBranchPoints="0" visitedBranchPoints="0" sequenceCoverage="100.0" branchCoverage="0" maxCyclomaticComplexity="0" minCyclomaticComplexity="0" maxCrapScore="0" minCrapScore="0" visitedClasses="0" numClasses="0" visitedMethods="1" numMethods="1" />
              <MetadataToken>100663343</MetadataToken>
              <Name>System.Void Samples.Sample_uGUI.Tests.SampleuGUISceneTests/&lt;&lt;ページAに画面遷移で往復できる&gt;b__6_0&gt;d::MoveNext()</Name>
              <FileRef uid="3" />
              <SequencePoints>
                <SequencePoint vc="1" uspid="696" ordinal="0" offset="114" sl="33" sc="9" el="33" ec="9" bec="0" bev="0" fileid="3" />
                <SequencePoint vc="1" uspid="697" ordinal="0" offset="115" sl="34" sc="13" el="34" ec="13" bec="0" bev="0" fileid="3" />
                <SequencePoint vc="1" uspid="698" ordinal="0" offset="169" sl="34" sc="13" el="34" ec="13" bec="0" bev="0" fileid="3" />
                <SequencePoint vc="1" uspid="699" ordinal="0" offset="199" sl="34" sc="13" el="34" ec="13" bec="0" bev="0" fileid="3" />
                <SequencePoint vc="1" uspid="700" ordinal="0" offset="235" sl="36" sc="13" el="36" ec="13" bec="0" bev="0" fileid="3" />
                <SequencePoint vc="1" uspid="701" ordinal="0" offset="290" sl="36" sc="13" el="36" ec="13" bec="0" bev="0" fileid="3" />
                <SequencePoint vc="1" uspid="702" ordinal="0" offset="321" sl="36" sc="13" el="36" ec="13" bec="0" bev="0" fileid="3" />
                <SequencePoint vc="1" uspid="703" ordinal="0" offset="358" sl="38" sc="13" el="38" ec="13" bec="0" bev="0" fileid="3" />
                <SequencePoint vc="1" uspid="704" ordinal="0" offset="413" sl="38" sc="13" el="38" ec="13" bec="0" bev="0" fileid="3" />
                <SequencePoint vc="1" uspid="705" ordinal="0" offset="444" sl="38" sc="13" el="38" ec="13" bec="0" bev="0" fileid="3" />
                <SequencePoint vc="1" uspid="706" ordinal="0" offset="481" sl="41" sc="13" el="41" ec="13" bec="0" bev="0" fileid="3" />
                <SequencePoint vc="1" uspid="707" ordinal="0" offset="535" sl="41" sc="13" el="41" ec="13" bec="0" bev="0" fileid="3" />
                <SequencePoint vc="1" uspid="708" ordinal="0" offset="566" sl="41" sc="13" el="41" ec="13" bec="0" bev="0" fileid="3" />
                <SequencePoint vc="1" uspid="709" ordinal="0" offset="603" sl="43" sc="13" el="43" ec="13" bec="0" bev="0" fileid="3" />
                <SequencePoint vc="1" uspid="710" ordinal="0" offset="658" sl="43" sc="13" el="43" ec="13" bec="0" bev="0" fileid="3" />
                <SequencePoint vc="1" uspid="711" ordinal="0" offset="689" sl="43" sc="13" el="43" ec="13" bec="0" bev="0" fileid="3" />
                <SequencePoint vc="1" uspid="712" ordinal="0" offset="726" sl="45" sc="13" el="45" ec="13" bec="0" bev="0" fileid="3" />
                <SequencePoint vc="1" uspid="713" ordinal="0" offset="781" sl="45" sc="13" el="45" ec="13" bec="0" bev="0" fileid="3" />
                <SequencePoint vc="1" uspid="714" ordinal="0" offset="812" sl="45" sc="13" el="45" ec="13" bec="0" bev="0" fileid="3" />
                <SequencePoint vc="1" uspid="715" ordinal="0" offset="849" sl="47" sc="13" el="47" ec="13" bec="0" bev="0" fileid="3" />
                <SequencePoint vc="1" uspid="716" ordinal="0" offset="904" sl="47" sc="13" el="47" ec="13" bec="0" bev="0" fileid="3" />
                <SequencePoint vc="1" uspid="717" ordinal="0" offset="935" sl="47" sc="13" el="47" ec="13" bec="0" bev="0" fileid="3" />
                <SequencePoint vc="1" uspid="718" ordinal="0" offset="972" sl="50" sc="13" el="50" ec="13" bec="0" bev="0" fileid="3" />
                <SequencePoint vc="1" uspid="719" ordinal="0" offset="1036" sl="50" sc="13" el="50" ec="13" bec="0" bev="0" fileid="3" />
                <SequencePoint vc="1" uspid="720" ordinal="0" offset="1067" sl="50" sc="13" el="50" ec="13" bec="0" bev="0" fileid="3" />
                <SequencePoint vc="1" uspid="721" ordinal="0" offset="1104" sl="53" sc="13" el="53" ec="13" bec="0" bev="0" fileid="3" />
                <SequencePoint vc="1" uspid="722" ordinal="0" offset="1159" sl="53" sc="13" el="53" ec="13" bec="0" bev="0" fileid="3" />
                <SequencePoint vc="1" uspid="723" ordinal="0" offset="1190" sl="53" sc="13" el="53" ec="13" bec="0" bev="0" fileid="3" />
                <SequencePoint vc="1" uspid="724" ordinal="0" offset="1227" sl="55" sc="13" el="55" ec="13" bec="0" bev="0" fileid="3" />
                <SequencePoint vc="1" uspid="725" ordinal="0" offset="1283" sl="55" sc="13" el="55" ec="13" bec="0" bev="0" fileid="3" />
                <SequencePoint vc="1" uspid="726" ordinal="0" offset="1314" sl="55" sc="13" el="55" ec="13" bec="0" bev="0" fileid="3" />
                <SequencePoint vc="1" uspid="727" ordinal="0" offset="1351" sl="57" sc="13" el="57" ec="13" bec="0" bev="0" fileid="3" />
                <SequencePoint vc="1" uspid="728" ordinal="0" offset="1407" sl="57" sc="13" el="57" ec="13" bec="0" bev="0" fileid="3" />
                <SequencePoint vc="1" uspid="729" ordinal="0" offset="1435" sl="57" sc="13" el="57" ec="13" bec="0" bev="0" fileid="3" />
                <SequencePoint vc="1" uspid="730" ordinal="0" offset="1500" sl="59" sc="9" el="59" ec="9" bec="0" bev="0" fileid="3" />
              </SequencePoints>
              <BranchPoints />
            </Method>
          </Methods>
        </Class>
        <Class>
          <Summary numSequencePoints="35" visitedSequencePoints="35" numBranchPoints="0" visitedBranchPoints="0" sequenceCoverage="100.0" branchCoverage="0.0" maxCyclomaticComplexity="0" minCyclomaticComplexity="0" maxCrapScore="0" minCrapScore="0" visitedClasses="1" numClasses="1" visitedMethods="1" numMethods="1" />
          <FullName>Samples.Sample_uGUI.Tests.SampleuGUISceneTests/&lt;&lt;ページBに画面遷移で往復できる&gt;b__7_0&gt;d</FullName>
          <Methods>
            <Method visited="true" cyclomaticComplexity="0" nPathComplexity="0" sequenceCoverage="100.0" branchCoverage="0" crapScore="0" isConstructor="false" isStatic="false" isGetter="false" isSetter="false">
              <Summary numSequencePoints="35" visitedSequencePoints="35" numBranchPoints="0" visitedBranchPoints="0" sequenceCoverage="100.0" branchCoverage="0" maxCyclomaticComplexity="0" minCyclomaticComplexity="0" maxCrapScore="0" minCrapScore="0" visitedClasses="0" numClasses="0" visitedMethods="1" numMethods="1" />
              <MetadataToken>100663346</MetadataToken>
              <Name>System.Void Samples.Sample_uGUI.Tests.SampleuGUISceneTests/&lt;&lt;ページBに画面遷移で往復できる&gt;b__7_0&gt;d::MoveNext()</Name>
              <FileRef uid="3" />
              <SequencePoints>
                <SequencePoint vc="1" uspid="731" ordinal="0" offset="114" sl="63" sc="9" el="63" ec="9" bec="0" bev="0" fileid="3" />
                <SequencePoint vc="1" uspid="732" ordinal="0" offset="115" sl="64" sc="13" el="64" ec="13" bec="0" bev="0" fileid="3" />
                <SequencePoint vc="1" uspid="733" ordinal="0" offset="169" sl="64" sc="13" el="64" ec="13" bec="0" bev="0" fileid="3" />
                <SequencePoint vc="1" uspid="734" ordinal="0" offset="199" sl="64" sc="13" el="64" ec="13" bec="0" bev="0" fileid="3" />
                <SequencePoint vc="1" uspid="735" ordinal="0" offset="235" sl="66" sc="13" el="66" ec="13" bec="0" bev="0" fileid="3" />
                <SequencePoint vc="1" uspid="736" ordinal="0" offset="290" sl="66" sc="13" el="66" ec="13" bec="0" bev="0" fileid="3" />
                <SequencePoint vc="1" uspid="737" ordinal="0" offset="321" sl="66" sc="13" el="66" ec="13" bec="0" bev="0" fileid="3" />
                <SequencePoint vc="1" uspid="738" ordinal="0" offset="358" sl="68" sc="13" el="68" ec="13" bec="0" bev="0" fileid="3" />
                <SequencePoint vc="1" uspid="739" ordinal="0" offset="413" sl="68" sc="13" el="68" ec="13" bec="0" bev="0" fileid="3" />
                <SequencePoint vc="1" uspid="740" ordinal="0" offset="444" sl="68" sc="13" el="68" ec="13" bec="0" bev="0" fileid="3" />
                <SequencePoint vc="1" uspid="741" ordinal="0" offset="481" sl="71" sc="13" el="71" ec="13" bec="0" bev="0" fileid="3" />
                <SequencePoint vc="1" uspid="742" ordinal="0" offset="535" sl="71" sc="13" el="71" ec="13" bec="0" bev="0" fileid="3" />
                <SequencePoint vc="1" uspid="743" ordinal="0" offset="566" sl="71" sc="13" el="71" ec="13" bec="0" bev="0" fileid="3" />
                <SequencePoint vc="1" uspid="744" ordinal="0" offset="603" sl="73" sc="13" el="73" ec="13" bec="0" bev="0" fileid="3" />
                <SequencePoint vc="1" uspid="745" ordinal="0" offset="658" sl="73" sc="13" el="73" ec="13" bec="0" bev="0" fileid="3" />
                <SequencePoint vc="1" uspid="746" ordinal="0" offset="689" sl="73" sc="13" el="73" ec="13" bec="0" bev="0" fileid="3" />
                <SequencePoint vc="1" uspid="747" ordinal="0" offset="726" sl="75" sc="13" el="75" ec="13" bec="0" bev="0" fileid="3" />
                <SequencePoint vc="1" uspid="748" ordinal="0" offset="781" sl="75" sc="13" el="75" ec="13" bec="0" bev="0" fileid="3" />
                <SequencePoint vc="1" uspid="749" ordinal="0" offset="812" sl="75" sc="13" el="75" ec="13" bec="0" bev="0" fileid="3" />
                <SequencePoint vc="1" uspid="750" ordinal="0" offset="849" sl="77" sc="13" el="77" ec="13" bec="0" bev="0" fileid="3" />
                <SequencePoint vc="1" uspid="751" ordinal="0" offset="904" sl="77" sc="13" el="77" ec="13" bec="0" bev="0" fileid="3" />
                <SequencePoint vc="1" uspid="752" ordinal="0" offset="935" sl="77" sc="13" el="77" ec="13" bec="0" bev="0" fileid="3" />
                <SequencePoint vc="1" uspid="753" ordinal="0" offset="972" sl="80" sc="13" el="80" ec="13" bec="0" bev="0" fileid="3" />
                <SequencePoint vc="1" uspid="754" ordinal="0" offset="1036" sl="80" sc="13" el="80" ec="13" bec="0" bev="0" fileid="3" />
                <SequencePoint vc="1" uspid="755" ordinal="0" offset="1067" sl="80" sc="13" el="80" ec="13" bec="0" bev="0" fileid="3" />
                <SequencePoint vc="1" uspid="756" ordinal="0" offset="1104" sl="83" sc="13" el="83" ec="13" bec="0" bev="0" fileid="3" />
                <SequencePoint vc="1" uspid="757" ordinal="0" offset="1159" sl="83" sc="13" el="83" ec="13" bec="0" bev="0" fileid="3" />
                <SequencePoint vc="1" uspid="758" ordinal="0" offset="1190" sl="83" sc="13" el="83" ec="13" bec="0" bev="0" fileid="3" />
                <SequencePoint vc="1" uspid="759" ordinal="0" offset="1227" sl="85" sc="13" el="85" ec="13" bec="0" bev="0" fileid="3" />
                <SequencePoint vc="1" uspid="760" ordinal="0" offset="1283" sl="85" sc="13" el="85" ec="13" bec="0" bev="0" fileid="3" />
                <SequencePoint vc="1" uspid="761" ordinal="0" offset="1314" sl="85" sc="13" el="85" ec="13" bec="0" bev="0" fileid="3" />
                <SequencePoint vc="1" uspid="762" ordinal="0" offset="1351" sl="87" sc="13" el="87" ec="13" bec="0" bev="0" fileid="3" />
                <SequencePoint vc="1" uspid="763" ordinal="0" offset="1407" sl="87" sc="13" el="87" ec="13" bec="0" bev="0" fileid="3" />
                <SequencePoint vc="1" uspid="764" ordinal="0" offset="1435" sl="87" sc="13" el="87" ec="13" bec="0" bev="0" fileid="3" />
                <SequencePoint vc="1" uspid="765" ordinal="0" offset="1500" sl="89" sc="9" el="89" ec="9" bec="0" bev="0" fileid="3" />
              </SequencePoints>
              <BranchPoints />
            </Method>
          </Methods>
        </Class>
        <Class>
          <Summary numSequencePoints="35" visitedSequencePoints="35" numBranchPoints="0" visitedBranchPoints="0" sequenceCoverage="100.0" branchCoverage="0.0" maxCyclomaticComplexity="0" minCyclomaticComplexity="0" maxCrapScore="0" minCrapScore="0" visitedClasses="1" numClasses="1" visitedMethods="1" numMethods="1" />
          <FullName>Samples.Sample_uGUI.Tests.SampleuGUISceneWithSceneObjectTests/&lt;&lt;ページAに画面遷移で往復できる&gt;b__4_0&gt;d</FullName>
          <Methods>
            <Method visited="true" cyclomaticComplexity="0" nPathComplexity="0" sequenceCoverage="100.0" branchCoverage="0" crapScore="0" isConstructor="false" isStatic="false" isGetter="false" isSetter="false">
              <Summary numSequencePoints="35" visitedSequencePoints="35" numBranchPoints="0" visitedBranchPoints="0" sequenceCoverage="100.0" branchCoverage="0" maxCyclomaticComplexity="0" minCyclomaticComplexity="0" maxCrapScore="0" minCrapScore="0" visitedClasses="0" numClasses="0" visitedMethods="1" numMethods="1" />
              <MetadataToken>100663349</MetadataToken>
              <Name>System.Void Samples.Sample_uGUI.Tests.SampleuGUISceneWithSceneObjectTests/&lt;&lt;ページAに画面遷移で往復できる&gt;b__4_0&gt;d::MoveNext()</Name>
              <FileRef uid="1" />
              <SequencePoints>
                <SequencePoint vc="1" uspid="766" ordinal="0" offset="114" sl="27" sc="9" el="27" ec="9" bec="0" bev="0" fileid="1" />
                <SequencePoint vc="1" uspid="767" ordinal="0" offset="115" sl="28" sc="13" el="28" ec="13" bec="0" bev="0" fileid="1" />
                <SequencePoint vc="1" uspid="768" ordinal="0" offset="164" sl="28" sc="13" el="28" ec="13" bec="0" bev="0" fileid="1" />
                <SequencePoint vc="1" uspid="769" ordinal="0" offset="194" sl="28" sc="13" el="28" ec="13" bec="0" bev="0" fileid="1" />
                <SequencePoint vc="1" uspid="770" ordinal="0" offset="230" sl="30" sc="13" el="30" ec="13" bec="0" bev="0" fileid="1" />
                <SequencePoint vc="1" uspid="771" ordinal="0" offset="280" sl="30" sc="13" el="30" ec="13" bec="0" bev="0" fileid="1" />
                <SequencePoint vc="1" uspid="772" ordinal="0" offset="311" sl="30" sc="13" el="30" ec="13" bec="0" bev="0" fileid="1" />
                <SequencePoint vc="1" uspid="773" ordinal="0" offset="348" sl="32" sc="13" el="32" ec="13" bec="0" bev="0" fileid="1" />
                <SequencePoint vc="1" uspid="774" ordinal="0" offset="398" sl="32" sc="13" el="32" ec="13" bec="0" bev="0" fileid="1" />
                <SequencePoint vc="1" uspid="775" ordinal="0" offset="429" sl="32" sc="13" el="32" ec="13" bec="0" bev="0" fileid="1" />
                <SequencePoint vc="1" uspid="776" ordinal="0" offset="466" sl="35" sc="13" el="35" ec="13" bec="0" bev="0" fileid="1" />
                <SequencePoint vc="1" uspid="777" ordinal="0" offset="515" sl="35" sc="13" el="35" ec="13" bec="0" bev="0" fileid="1" />
                <SequencePoint vc="1" uspid="778" ordinal="0" offset="546" sl="35" sc="13" el="35" ec="13" bec="0" bev="0" fileid="1" />
                <SequencePoint vc="1" uspid="779" ordinal="0" offset="583" sl="37" sc="13" el="37" ec="13" bec="0" bev="0" fileid="1" />
                <SequencePoint vc="1" uspid="780" ordinal="0" offset="633" sl="37" sc="13" el="37" ec="13" bec="0" bev="0" fileid="1" />
                <SequencePoint vc="1" uspid="781" ordinal="0" offset="664" sl="37" sc="13" el="37" ec="13" bec="0" bev="0" fileid="1" />
                <SequencePoint vc="1" uspid="782" ordinal="0" offset="701" sl="39" sc="13" el="39" ec="13" bec="0" bev="0" fileid="1" />
                <SequencePoint vc="1" uspid="783" ordinal="0" offset="751" sl="39" sc="13" el="39" ec="13" bec="0" bev="0" fileid="1" />
                <SequencePoint vc="1" uspid="784" ordinal="0" offset="782" sl="39" sc="13" el="39" ec="13" bec="0" bev="0" fileid="1" />
                <SequencePoint vc="1" uspid="785" ordinal="0" offset="819" sl="41" sc="13" el="41" ec="13" bec="0" bev="0" fileid="1" />
                <SequencePoint vc="1" uspid="786" ordinal="0" offset="869" sl="41" sc="13" el="41" ec="13" bec="0" bev="0" fileid="1" />
                <SequencePoint vc="1" uspid="787" ordinal="0" offset="900" sl="41" sc="13" el="41" ec="13" bec="0" bev="0" fileid="1" />
                <SequencePoint vc="1" uspid="788" ordinal="0" offset="937" sl="44" sc="13" el="44" ec="13" bec="0" bev="0" fileid="1" />
                <SequencePoint vc="1" uspid="789" ordinal="0" offset="986" sl="44" sc="13" el="44" ec="13" bec="0" bev="0" fileid="1" />
                <SequencePoint vc="1" uspid="790" ordinal="0" offset="1017" sl="44" sc="13" el="44" ec="13" bec="0" bev="0" fileid="1" />
                <SequencePoint vc="1" uspid="791" ordinal="0" offset="1054" sl="46" sc="13" el="46" ec="13" bec="0" bev="0" fileid="1" />
                <SequencePoint vc="1" uspid="792" ordinal="0" offset="1104" sl="46" sc="13" el="46" ec="13" bec="0" bev="0" fileid="1" />
                <SequencePoint vc="1" uspid="793" ordinal="0" offset="1135" sl="46" sc="13" el="46" ec="13" bec="0" bev="0" fileid="1" />
                <SequencePoint vc="1" uspid="794" ordinal="0" offset="1172" sl="48" sc="13" el="48" ec="13" bec="0" bev="0" fileid="1" />
                <SequencePoint vc="1" uspid="795" ordinal="0" offset="1223" sl="48" sc="13" el="48" ec="13" bec="0" bev="0" fileid="1" />
                <SequencePoint vc="1" uspid="796" ordinal="0" offset="1254" sl="48" sc="13" el="48" ec="13" bec="0" bev="0" fileid="1" />
                <SequencePoint vc="1" uspid="797" ordinal="0" offset="1291" sl="50" sc="13" el="50" ec="13" bec="0" bev="0" fileid="1" />
                <SequencePoint vc="1" uspid="798" ordinal="0" offset="1342" sl="50" sc="13" el="50" ec="13" bec="0" bev="0" fileid="1" />
                <SequencePoint vc="1" uspid="799" ordinal="0" offset="1370" sl="50" sc="13" el="50" ec="13" bec="0" bev="0" fileid="1" />
                <SequencePoint vc="1" uspid="800" ordinal="0" offset="1435" sl="52" sc="9" el="52" ec="9" bec="0" bev="0" fileid="1" />
              </SequencePoints>
              <BranchPoints />
            </Method>
          </Methods>
        </Class>
        <Class>
          <Summary numSequencePoints="35" visitedSequencePoints="35" numBranchPoints="0" visitedBranchPoints="0" sequenceCoverage="100.0" branchCoverage="0.0" maxCyclomaticComplexity="0" minCyclomaticComplexity="0" maxCrapScore="0" minCrapScore="0" visitedClasses="1" numClasses="1" visitedMethods="1" numMethods="1" />
          <FullName>Samples.Sample_uGUI.Tests.SampleuGUISceneWithSceneObjectTests/&lt;&lt;ページBに画面遷移で往復できる&gt;b__5_0&gt;d</FullName>
          <Methods>
            <Method visited="true" cyclomaticComplexity="0" nPathComplexity="0" sequenceCoverage="100.0" branchCoverage="0" crapScore="0" isConstructor="false" isStatic="false" isGetter="false" isSetter="false">
              <Summary numSequencePoints="35" visitedSequencePoints="35" numBranchPoints="0" visitedBranchPoints="0" sequenceCoverage="100.0" branchCoverage="0" maxCyclomaticComplexity="0" minCyclomaticComplexity="0" maxCrapScore="0" minCrapScore="0" visitedClasses="0" numClasses="0" visitedMethods="1" numMethods="1" />
              <MetadataToken>100663352</MetadataToken>
              <Name>System.Void Samples.Sample_uGUI.Tests.SampleuGUISceneWithSceneObjectTests/&lt;&lt;ページBに画面遷移で往復できる&gt;b__5_0&gt;d::MoveNext()</Name>
              <FileRef uid="1" />
              <SequencePoints>
                <SequencePoint vc="1" uspid="801" ordinal="0" offset="114" sl="56" sc="9" el="56" ec="9" bec="0" bev="0" fileid="1" />
                <SequencePoint vc="1" uspid="802" ordinal="0" offset="115" sl="57" sc="13" el="57" ec="13" bec="0" bev="0" fileid="1" />
                <SequencePoint vc="1" uspid="803" ordinal="0" offset="164" sl="57" sc="13" el="57" ec="13" bec="0" bev="0" fileid="1" />
                <SequencePoint vc="1" uspid="804" ordinal="0" offset="194" sl="57" sc="13" el="57" ec="13" bec="0" bev="0" fileid="1" />
                <SequencePoint vc="1" uspid="805" ordinal="0" offset="230" sl="59" sc="13" el="59" ec="13" bec="0" bev="0" fileid="1" />
                <SequencePoint vc="1" uspid="806" ordinal="0" offset="280" sl="59" sc="13" el="59" ec="13" bec="0" bev="0" fileid="1" />
                <SequencePoint vc="1" uspid="807" ordinal="0" offset="311" sl="59" sc="13" el="59" ec="13" bec="0" bev="0" fileid="1" />
                <SequencePoint vc="1" uspid="808" ordinal="0" offset="348" sl="61" sc="13" el="61" ec="13" bec="0" bev="0" fileid="1" />
                <SequencePoint vc="1" uspid="809" ordinal="0" offset="398" sl="61" sc="13" el="61" ec="13" bec="0" bev="0" fileid="1" />
                <SequencePoint vc="1" uspid="810" ordinal="0" offset="429" sl="61" sc="13" el="61" ec="13" bec="0" bev="0" fileid="1" />
                <SequencePoint vc="1" uspid="811" ordinal="0" offset="466" sl="64" sc="13" el="64" ec="13" bec="0" bev="0" fileid="1" />
                <SequencePoint vc="1" uspid="812" ordinal="0" offset="515" sl="64" sc="13" el="64" ec="13" bec="0" bev="0" fileid="1" />
                <SequencePoint vc="1" uspid="813" ordinal="0" offset="546" sl="64" sc="13" el="64" ec="13" bec="0" bev="0" fileid="1" />
                <SequencePoint vc="1" uspid="814" ordinal="0" offset="583" sl="66" sc="13" el="66" ec="13" bec="0" bev="0" fileid="1" />
                <SequencePoint vc="1" uspid="815" ordinal="0" offset="633" sl="66" sc="13" el="66" ec="13" bec="0" bev="0" fileid="1" />
                <SequencePoint vc="1" uspid="816" ordinal="0" offset="664" sl="66" sc="13" el="66" ec="13" bec="0" bev="0" fileid="1" />
                <SequencePoint vc="1" uspid="817" ordinal="0" offset="701" sl="68" sc="13" el="68" ec="13" bec="0" bev="0" fileid="1" />
                <SequencePoint vc="1" uspid="818" ordinal="0" offset="751" sl="68" sc="13" el="68" ec="13" bec="0" bev="0" fileid="1" />
                <SequencePoint vc="1" uspid="819" ordinal="0" offset="782" sl="68" sc="13" el="68" ec="13" bec="0" bev="0" fileid="1" />
                <SequencePoint vc="1" uspid="820" ordinal="0" offset="819" sl="70" sc="13" el="70" ec="13" bec="0" bev="0" fileid="1" />
                <SequencePoint vc="1" uspid="821" ordinal="0" offset="869" sl="70" sc="13" el="70" ec="13" bec="0" bev="0" fileid="1" />
                <SequencePoint vc="1" uspid="822" ordinal="0" offset="900" sl="70" sc="13" el="70" ec="13" bec="0" bev="0" fileid="1" />
                <SequencePoint vc="1" uspid="823" ordinal="0" offset="937" sl="73" sc="13" el="73" ec="13" bec="0" bev="0" fileid="1" />
                <SequencePoint vc="1" uspid="824" ordinal="0" offset="986" sl="73" sc="13" el="73" ec="13" bec="0" bev="0" fileid="1" />
                <SequencePoint vc="1" uspid="825" ordinal="0" offset="1017" sl="73" sc="13" el="73" ec="13" bec="0" bev="0" fileid="1" />
                <SequencePoint vc="1" uspid="826" ordinal="0" offset="1054" sl="75" sc="13" el="75" ec="13" bec="0" bev="0" fileid="1" />
                <SequencePoint vc="1" uspid="827" ordinal="0" offset="1104" sl="75" sc="13" el="75" ec="13" bec="0" bev="0" fileid="1" />
                <SequencePoint vc="1" uspid="828" ordinal="0" offset="1135" sl="75" sc="13" el="75" ec="13" bec="0" bev="0" fileid="1" />
                <SequencePoint vc="1" uspid="829" ordinal="0" offset="1172" sl="77" sc="13" el="77" ec="13" bec="0" bev="0" fileid="1" />
                <SequencePoint vc="1" uspid="830" ordinal="0" offset="1223" sl="77" sc="13" el="77" ec="13" bec="0" bev="0" fileid="1" />
                <SequencePoint vc="1" uspid="831" ordinal="0" offset="1254" sl="77" sc="13" el="77" ec="13" bec="0" bev="0" fileid="1" />
                <SequencePoint vc="1" uspid="832" ordinal="0" offset="1291" sl="79" sc="13" el="79" ec="13" bec="0" bev="0" fileid="1" />
                <SequencePoint vc="1" uspid="833" ordinal="0" offset="1342" sl="79" sc="13" el="79" ec="13" bec="0" bev="0" fileid="1" />
                <SequencePoint vc="1" uspid="834" ordinal="0" offset="1370" sl="79" sc="13" el="79" ec="13" bec="0" bev="0" fileid="1" />
                <SequencePoint vc="1" uspid="835" ordinal="0" offset="1435" sl="81" sc="9" el="81" ec="9" bec="0" bev="0" fileid="1" />
              </SequencePoints>
              <BranchPoints />
            </Method>
          </Methods>
        </Class>
        <Class>
          <Summary numSequencePoints="35" visitedSequencePoints="35" numBranchPoints="0" visitedBranchPoints="0" sequenceCoverage="100.0" branchCoverage="0.0" maxCyclomaticComplexity="0" minCyclomaticComplexity="0" maxCrapScore="0" minCrapScore="0" visitedClasses="1" numClasses="1" visitedMethods="1" numMethods="1" />
          <FullName>Samples.Sample_uGUI.Tests.SampleuGUISceneWithViewObjectTests/&lt;&lt;ページAに画面遷移で往復できる&gt;b__4_0&gt;d</FullName>
          <Methods>
            <Method visited="true" cyclomaticComplexity="0" nPathComplexity="0" sequenceCoverage="100.0" branchCoverage="0" crapScore="0" isConstructor="false" isStatic="false" isGetter="false" isSetter="false">
              <Summary numSequencePoints="35" visitedSequencePoints="35" numBranchPoints="0" visitedBranchPoints="0" sequenceCoverage="100.0" branchCoverage="0" maxCyclomaticComplexity="0" minCyclomaticComplexity="0" maxCrapScore="0" minCrapScore="0" visitedClasses="0" numClasses="0" visitedMethods="1" numMethods="1" />
              <MetadataToken>100663355</MetadataToken>
              <Name>System.Void Samples.Sample_uGUI.Tests.SampleuGUISceneWithViewObjectTests/&lt;&lt;ページAに画面遷移で往復できる&gt;b__4_0&gt;d::MoveNext()</Name>
              <FileRef uid="2" />
              <SequencePoints>
                <SequencePoint vc="1" uspid="836" ordinal="0" offset="114" sl="27" sc="9" el="27" ec="9" bec="0" bev="0" fileid="2" />
                <SequencePoint vc="1" uspid="837" ordinal="0" offset="115" sl="28" sc="13" el="28" ec="13" bec="0" bev="0" fileid="2" />
                <SequencePoint vc="1" uspid="838" ordinal="0" offset="169" sl="28" sc="13" el="28" ec="13" bec="0" bev="0" fileid="2" />
                <SequencePoint vc="1" uspid="839" ordinal="0" offset="199" sl="28" sc="13" el="28" ec="13" bec="0" bev="0" fileid="2" />
                <SequencePoint vc="1" uspid="840" ordinal="0" offset="235" sl="30" sc="13" el="30" ec="13" bec="0" bev="0" fileid="2" />
                <SequencePoint vc="1" uspid="841" ordinal="0" offset="290" sl="30" sc="13" el="30" ec="13" bec="0" bev="0" fileid="2" />
                <SequencePoint vc="1" uspid="842" ordinal="0" offset="321" sl="30" sc="13" el="30" ec="13" bec="0" bev="0" fileid="2" />
                <SequencePoint vc="1" uspid="843" ordinal="0" offset="358" sl="32" sc="13" el="32" ec="13" bec="0" bev="0" fileid="2" />
                <SequencePoint vc="1" uspid="844" ordinal="0" offset="413" sl="32" sc="13" el="32" ec="13" bec="0" bev="0" fileid="2" />
                <SequencePoint vc="1" uspid="845" ordinal="0" offset="444" sl="32" sc="13" el="32" ec="13" bec="0" bev="0" fileid="2" />
                <SequencePoint vc="1" uspid="846" ordinal="0" offset="481" sl="35" sc="13" el="35" ec="13" bec="0" bev="0" fileid="2" />
                <SequencePoint vc="1" uspid="847" ordinal="0" offset="535" sl="35" sc="13" el="35" ec="13" bec="0" bev="0" fileid="2" />
                <SequencePoint vc="1" uspid="848" ordinal="0" offset="566" sl="35" sc="13" el="35" ec="13" bec="0" bev="0" fileid="2" />
                <SequencePoint vc="1" uspid="849" ordinal="0" offset="603" sl="37" sc="13" el="37" ec="13" bec="0" bev="0" fileid="2" />
                <SequencePoint vc="1" uspid="850" ordinal="0" offset="658" sl="37" sc="13" el="37" ec="13" bec="0" bev="0" fileid="2" />
                <SequencePoint vc="1" uspid="851" ordinal="0" offset="689" sl="37" sc="13" el="37" ec="13" bec="0" bev="0" fileid="2" />
                <SequencePoint vc="1" uspid="852" ordinal="0" offset="726" sl="39" sc="13" el="39" ec="13" bec="0" bev="0" fileid="2" />
                <SequencePoint vc="1" uspid="853" ordinal="0" offset="781" sl="39" sc="13" el="39" ec="13" bec="0" bev="0" fileid="2" />
                <SequencePoint vc="1" uspid="854" ordinal="0" offset="812" sl="39" sc="13" el="39" ec="13" bec="0" bev="0" fileid="2" />
                <SequencePoint vc="1" uspid="855" ordinal="0" offset="849" sl="41" sc="13" el="41" ec="13" bec="0" bev="0" fileid="2" />
                <SequencePoint vc="1" uspid="856" ordinal="0" offset="904" sl="41" sc="13" el="41" ec="13" bec="0" bev="0" fileid="2" />
                <SequencePoint vc="1" uspid="857" ordinal="0" offset="935" sl="41" sc="13" el="41" ec="13" bec="0" bev="0" fileid="2" />
                <SequencePoint vc="1" uspid="858" ordinal="0" offset="972" sl="44" sc="13" el="44" ec="13" bec="0" bev="0" fileid="2" />
                <SequencePoint vc="1" uspid="859" ordinal="0" offset="1026" sl="44" sc="13" el="44" ec="13" bec="0" bev="0" fileid="2" />
                <SequencePoint vc="1" uspid="860" ordinal="0" offset="1057" sl="44" sc="13" el="44" ec="13" bec="0" bev="0" fileid="2" />
                <SequencePoint vc="1" uspid="861" ordinal="0" offset="1094" sl="46" sc="13" el="46" ec="13" bec="0" bev="0" fileid="2" />
                <SequencePoint vc="1" uspid="862" ordinal="0" offset="1149" sl="46" sc="13" el="46" ec="13" bec="0" bev="0" fileid="2" />
                <SequencePoint vc="1" uspid="863" ordinal="0" offset="1180" sl="46" sc="13" el="46" ec="13" bec="0" bev="0" fileid="2" />
                <SequencePoint vc="1" uspid="864" ordinal="0" offset="1217" sl="48" sc="13" el="48" ec="13" bec="0" bev="0" fileid="2" />
                <SequencePoint vc="1" uspid="865" ordinal="0" offset="1273" sl="48" sc="13" el="48" ec="13" bec="0" bev="0" fileid="2" />
                <SequencePoint vc="1" uspid="866" ordinal="0" offset="1304" sl="48" sc="13" el="48" ec="13" bec="0" bev="0" fileid="2" />
                <SequencePoint vc="1" uspid="867" ordinal="0" offset="1341" sl="50" sc="13" el="50" ec="13" bec="0" bev="0" fileid="2" />
                <SequencePoint vc="1" uspid="868" ordinal="0" offset="1397" sl="50" sc="13" el="50" ec="13" bec="0" bev="0" fileid="2" />
                <SequencePoint vc="1" uspid="869" ordinal="0" offset="1425" sl="50" sc="13" el="50" ec="13" bec="0" bev="0" fileid="2" />
                <SequencePoint vc="1" uspid="870" ordinal="0" offset="1490" sl="52" sc="9" el="52" ec="9" bec="0" bev="0" fileid="2" />
              </SequencePoints>
              <BranchPoints />
            </Method>
          </Methods>
        </Class>
        <Class>
          <Summary numSequencePoints="35" visitedSequencePoints="35" numBranchPoints="0" visitedBranchPoints="0" sequenceCoverage="100.0" branchCoverage="0.0" maxCyclomaticComplexity="0" minCyclomaticComplexity="0" maxCrapScore="0" minCrapScore="0" visitedClasses="1" numClasses="1" visitedMethods="1" numMethods="1" />
          <FullName>Samples.Sample_uGUI.Tests.SampleuGUISceneWithViewObjectTests/&lt;&lt;ページBに画面遷移で往復できる&gt;b__5_0&gt;d</FullName>
          <Methods>
            <Method visited="true" cyclomaticComplexity="0" nPathComplexity="0" sequenceCoverage="100.0" branchCoverage="0" crapScore="0" isConstructor="false" isStatic="false" isGetter="false" isSetter="false">
              <Summary numSequencePoints="35" visitedSequencePoints="35" numBranchPoints="0" visitedBranchPoints="0" sequenceCoverage="100.0" branchCoverage="0" maxCyclomaticComplexity="0" minCyclomaticComplexity="0" maxCrapScore="0" minCrapScore="0" visitedClasses="0" numClasses="0" visitedMethods="1" numMethods="1" />
              <MetadataToken>100663358</MetadataToken>
              <Name>System.Void Samples.Sample_uGUI.Tests.SampleuGUISceneWithViewObjectTests/&lt;&lt;ページBに画面遷移で往復できる&gt;b__5_0&gt;d::MoveNext()</Name>
              <FileRef uid="2" />
              <SequencePoints>
                <SequencePoint vc="1" uspid="871" ordinal="0" offset="114" sl="56" sc="9" el="56" ec="9" bec="0" bev="0" fileid="2" />
                <SequencePoint vc="1" uspid="872" ordinal="0" offset="115" sl="57" sc="13" el="57" ec="13" bec="0" bev="0" fileid="2" />
                <SequencePoint vc="1" uspid="873" ordinal="0" offset="169" sl="57" sc="13" el="57" ec="13" bec="0" bev="0" fileid="2" />
                <SequencePoint vc="1" uspid="874" ordinal="0" offset="199" sl="57" sc="13" el="57" ec="13" bec="0" bev="0" fileid="2" />
                <SequencePoint vc="1" uspid="875" ordinal="0" offset="235" sl="59" sc="13" el="59" ec="13" bec="0" bev="0" fileid="2" />
                <SequencePoint vc="1" uspid="876" ordinal="0" offset="290" sl="59" sc="13" el="59" ec="13" bec="0" bev="0" fileid="2" />
                <SequencePoint vc="1" uspid="877" ordinal="0" offset="321" sl="59" sc="13" el="59" ec="13" bec="0" bev="0" fileid="2" />
                <SequencePoint vc="1" uspid="878" ordinal="0" offset="358" sl="61" sc="13" el="61" ec="13" bec="0" bev="0" fileid="2" />
                <SequencePoint vc="1" uspid="879" ordinal="0" offset="413" sl="61" sc="13" el="61" ec="13" bec="0" bev="0" fileid="2" />
                <SequencePoint vc="1" uspid="880" ordinal="0" offset="444" sl="61" sc="13" el="61" ec="13" bec="0" bev="0" fileid="2" />
                <SequencePoint vc="1" uspid="881" ordinal="0" offset="481" sl="64" sc="13" el="64" ec="13" bec="0" bev="0" fileid="2" />
[...]
              <MetadataToken>100663438</MetadataToken>
              <Name>System.Void UnideComponentActionExtensions/&lt;SetValue&gt;d__1::MoveNext()</Name>
              <FileRef uid="7" />
              <SequencePoints>
                <SequencePoint vc="2" uspid="1418" ordinal="0" offset="25" sl="263" sc="5" el="263" ec="5" bec="0" bev="0" fileid="7" />
                <SequencePoint vc="2" uspid="1419" ordinal="0" offset="26" sl="264" sc="9" el="264" ec="9" bec="0" bev="0" fileid="7" />
                <SequencePoint vc="2" uspid="1420" ordinal="0" offset="56" sl="264" sc="9" el="264" ec="9" bec="0" bev="0" fileid="7" />
                <SequencePoint vc="2" uspid="1421" ordinal="0" offset="86" sl="264" sc="9" el="264" ec="9" bec="0" bev="0" fileid="7" />
                <SequencePoint vc="2" uspid="1422" ordinal="0" offset="146" sl="265" sc="9" el="265" ec="9" bec="0" bev="0" fileid="7" />
                <SequencePoint vc="2" uspid="1423" ordinal="0" offset="203" sl="265" sc="9" el="265" ec="9" bec="0" bev="0" fileid="7" />
                <SequencePoint vc="2" uspid="1424" ordinal="0" offset="233" sl="265" sc="9" el="265" ec="9" bec="0" bev="0" fileid="7" />
                <SequencePoint vc="2" uspid="1425" ordinal="0" offset="269" sl="266" sc="9" el="266" ec="9" bec="0" bev="0" fileid="7" />
                <SequencePoint vc="2" uspid="1426" ordinal="0" offset="291" sl="267" sc="9" el="267" ec="9" bec="0" bev="0" fileid="7" />
                <SequencePoint vc="2" uspid="1427" ordinal="0" offset="351" sl="268" sc="5" el="268" ec="5" bec="0" bev="0" fileid="7" />
              </SequencePoints>
              <BranchPoints />
            </Method>
          </Methods>
        </Class>
        <Class>
          <Summary numSequencePoints="8" visitedSequencePoints="8" numBranchPoints="0" visitedBranchPoints="0" sequenceCoverage="100.0" branchCoverage="0.0" maxCyclomaticComplexity="0" minCyclomaticComplexity="0" maxCrapScore="0" minCrapScore="0" visitedClasses="1" numClasses="1" visitedMethods="1" numMethods="1" />
          <FullName>UniTaskTimeoutExtensions/&lt;WithTimeout&gt;d__0</FullName>
          <Methods>
            <Method visited="true" cyclomaticComplexity="0" nPathComplexity="0" sequenceCoverage="100.0" branchCoverage="0" crapScore="0" isConstructor="false" isStatic="false" isGetter="false" isSetter="false">
              <Summary numSequencePoints="8" visitedSequencePoints="8" numBranchPoints="0" visitedBranchPoints="0" sequenceCoverage="100.0" branchCoverage="0" maxCyclomaticComplexity="0" minCyclomaticComplexity="0" maxCrapScore="0" minCrapScore="0" visitedClasses="0" numClasses="0" visitedMethods="1" numMethods="1" />
              <MetadataToken>100663441</MetadataToken>
              <Name>System.Void UniTaskTimeoutExtensions/&lt;WithTimeout&gt;d__0::MoveNext()</Name>
              <FileRef uid="7" />
              <SequencePoints>
                <SequencePoint vc="161" uspid="1428" ordinal="0" offset="14" sl="282" sc="5" el="282" ec="5" bec="0" bev="0" fileid="7" />
                <SequencePoint vc="161" uspid="1429" ordinal="0" offset="15" sl="283" sc="9" el="283" ec="9" bec="0" bev="0" fileid="7" />
                <SequencePoint vc="161" uspid="1430" ordinal="0" offset="44" sl="284" sc="9" el="284" ec="9" bec="0" bev="0" fileid="7" />
                <SequencePoint vc="161" uspid="1431" ordinal="0" offset="109" sl="284" sc="9" el="284" ec="9" bec="0" bev="0" fileid="7" />
                <SequencePoint vc="161" uspid="1432" ordinal="0" offset="140" sl="284" sc="9" el="284" ec="9" bec="0" bev="0" fileid="7" />
                <SequencePoint vc="1" uspid="1433" ordinal="0" offset="194" sl="285" sc="9" el="285" ec="9" bec="0" bev="0" fileid="7" />
                <SequencePoint vc="1" uspid="1434" ordinal="0" offset="195" sl="286" sc="13" el="286" ec="13" bec="0" bev="0" fileid="7" />
                <SequencePoint vc="157" uspid="1435" ordinal="0" offset="246" sl="288" sc="5" el="288" ec="5" bec="0" bev="0" fileid="7" />
              </SequencePoints>
              <BranchPoints />
            </Method>
          </Methods>
        </Class>
      </Classes>
    </Module>
    <Module>
      <Summary numSequencePoints="41" visitedSequencePoints="32" numBranchPoints="0" visitedBranchPoints="0" sequenceCoverage="78.05" branchCoverage="0.0" maxCyclomaticComplexity="0" minCyclomaticComplexity="0" maxCrapScore="0" minCrapScore="0" visitedClasses="4" numClasses="4" visitedMethods="9" numMethods="9" />
      <ModuleTime>0001-01-01T00:00:00</ModuleTime>
      <ModuleName>unide.Sample-uGUI</ModuleName>
      <Files>
        <File uid="9" fullPath="D:/ws.github-uisawara/unide/Assets/Samples/Sample-uGUI/Runtime/Miscs/ChildSwitcher.cs" />
        <File uid="10" fullPath="D:/ws.github-uisawara/unide/Assets/Samples/Sample-uGUI/Runtime/Pages/SubPageA.cs" />
        <File uid="11" fullPath="D:/ws.github-uisawara/unide/Assets/Samples/Sample-uGUI/Runtime/Pages/SubPageB.cs" />
        <File uid="12" fullPath="D:/ws.github-uisawara/unide/Assets/Samples/Sample-uGUI/Runtime/Pages/TopPage.cs" />
      </Files>
      <Classes>
        <Class>
          <Summary numSequencePoints="19" visitedSequencePoints="19" numBranchPoints="0" visitedBranchPoints="0" sequenceCoverage="100.0" branchCoverage="0.0" maxCyclomaticComplexity="0" minCyclomaticComplexity="0" maxCrapScore="0" minCrapScore="0" visitedClasses="1" numClasses="1" visitedMethods="2" numMethods="2" />
          <FullName>ChildSwitcher</FullName>
          <Methods>
            <Method visited="true" cyclomaticComplexity="0" nPathComplexity="0" sequenceCoverage="100.0" branchCoverage="0" crapScore="0" isConstructor="false" isStatic="false" isGetter="false" isSetter="false">
              <Summary numSequencePoints="10" visitedSequencePoints="10" numBranchPoints="0" visitedBranchPoints="0" sequenceCoverage="100.0" branchCoverage="0" maxCyclomaticComplexity="0" minCyclomaticComplexity="0" maxCrapScore="0" minCrapScore="0" visitedClasses="0" numClasses="0" visitedMethods="1" numMethods="1" />
              <MetadataToken>100663297</MetadataToken>
              <Name>System.Void ChildSwitcher::Awake()</Name>
              <FileRef uid="9" />
              <SequencePoints>
                <SequencePoint vc="4" uspid="1436" ordinal="0" offset="0" sl="8" sc="5" el="8" ec="5" bec="0" bev="0" fileid="9" />
                <SequencePoint vc="4" uspid="1437" ordinal="0" offset="1" sl="9" sc="9" el="9" ec="9" bec="0" bev="0" fileid="9" />
                <SequencePoint vc="4" uspid="1438" ordinal="0" offset="2" sl="9" sc="37" el="9" ec="37" bec="0" bev="0" fileid="9" />
                <SequencePoint vc="104" uspid="1439" ordinal="0" offset="18" sl="9" sc="18" el="9" ec="18" bec="0" bev="0" fileid="9" />
                <SequencePoint vc="104" uspid="1440" ordinal="0" offset="22" sl="10" sc="9" el="10" ec="9" bec="0" bev="0" fileid="9" />
                <SequencePoint vc="104" uspid="1441" ordinal="0" offset="23" sl="11" sc="13" el="11" ec="13" bec="0" bev="0" fileid="9" />
                <SequencePoint vc="104" uspid="1442" ordinal="0" offset="40" sl="12" sc="9" el="12" ec="9" bec="0" bev="0" fileid="9" />
                <SequencePoint vc="108" uspid="1443" ordinal="0" offset="45" sl="9" sc="34" el="9" ec="34" bec="0" bev="0" fileid="9" />
                <SequencePoint vc="4" uspid="1444" ordinal="0" offset="51" sl="14" sc="9" el="14" ec="9" bec="0" bev="0" fileid="9" />
                <SequencePoint vc="4" uspid="1445" ordinal="0" offset="64" sl="15" sc="5" el="15" ec="5" bec="0" bev="0" fileid="9" />
              </SequencePoints>
              <BranchPoints />
            </Method>
            <Method visited="true" cyclomaticComplexity="0" nPathComplexity="0" sequenceCoverage="100.0" branchCoverage="0" crapScore="0" isConstructor="false" isStatic="false" isGetter="false" isSetter="false">
              <Summary numSequencePoints="9" visitedSequencePoints="9" numBranchPoints="0" visitedBranchPoints="0" sequenceCoverage="100.0" branchCoverage="0" maxCyclomaticComplexity="0" minCyclomaticComplexity="0" maxCrapScore="0" minCrapScore="0" visitedClasses="0" numClasses="0" visitedMethods="1" numMethods="1" />
              <MetadataToken>100663298</MetadataToken>
              <Name>System.Void ChildSwitcher::ChangeActiveChild(System.Int32)</Name>
              <FileRef uid="9" />
              <SequencePoints>
                <SequencePoint vc="18" uspid="1446" ordinal="0" offset="0" sl="18" sc="5" el="18" ec="5" bec="0" bev="0" fileid="9" />
                <SequencePoint vc="18" uspid="1447" ordinal="0" offset="1" sl="19" sc="9" el="19" ec="9" bec="0" bev="0" fileid="9" />
                <SequencePoint vc="18" uspid="1448" ordinal="0" offset="8" sl="21" sc="14" el="21" ec="14" bec="0" bev="0" fileid="9" />
                <SequencePoint vc="54" uspid="1449" ordinal="0" offset="12" sl="22" sc="9" el="22" ec="9" bec="0" bev="0" fileid="9" />
                <SequencePoint vc="54" uspid="1450" ordinal="0" offset="13" sl="23" sc="13" el="23" ec="13" bec="0" bev="0" fileid="9" />
                <SequencePoint vc="54" uspid="1451" ordinal="0" offset="40" sl="25" sc="9" el="25" ec="9" bec="0" bev="0" fileid="9" />
                <SequencePoint vc="54" uspid="1452" ordinal="0" offset="41" sl="21" sc="51" el="21" ec="51" bec="0" bev="0" fileid="9" />
                <SequencePoint vc="72" uspid="1453" ordinal="0" offset="45" sl="21" sc="25" el="21" ec="25" bec="0" bev="0" fileid="9" />
                <SequencePoint vc="18" uspid="1454" ordinal="0" offset="63" sl="26" sc="5" el="26" ec="5" bec="0" bev="0" fileid="9" />
              </SequencePoints>
              <BranchPoints />
            </Method>
          </Methods>
        </Class>
        <Class>
          <Summary numSequencePoints="7" visitedSequencePoints="4" numBranchPoints="0" visitedBranchPoints="0" sequenceCoverage="57.14" branchCoverage="0.0" maxCyclomaticComplexity="0" minCyclomaticComplexity="0" maxCrapScore="0" minCrapScore="0" visitedClasses="1" numClasses="1" visitedMethods="2" numMethods="2" />
          <FullName>SubPageA</FullName>
          <Methods>
            <Method visited="true" cyclomaticComplexity="0" nPathComplexity="0" sequenceCoverage="50.00" branchCoverage="0" crapScore="0" isConstructor="false" isStatic="false" isGetter="false" isSetter="false">
              <Summary numSequencePoints="6" visitedSequencePoints="3" numBranchPoints="0" visitedBranchPoints="0" sequenceCoverage="50.00" branchCoverage="0" maxCyclomaticComplexity="0" minCyclomaticComplexity="0" maxCrapScore="0" minCrapScore="0" visitedClasses="0" numClasses="0" visitedMethods="1" numMethods="1" />
              <MetadataToken>100663300</MetadataToken>
              <Name>System.Void SubPageA::OnValidate()</Name>
              <FileRef uid="10" />
              <SequencePoints>
                <SequencePoint vc="4" uspid="1455" ordinal="0" offset="0" sl="11" sc="5" el="11" ec="5" bec="0" bev="0" fileid="10" />
                <SequencePoint vc="4" uspid="1456" ordinal="0" offset="1" sl="12" sc="9" el="12" ec="9" bec="0" bev="0" fileid="10" />
                <SequencePoint vc="0" uspid="1457" ordinal="0" offset="17" sl="13" sc="9" el="13" ec="9" bec="0" bev="0" fileid="10" />
                <SequencePoint vc="0" uspid="1458" ordinal="0" offset="18" sl="14" sc="13" el="14" ec="13" bec="0" bev="0" fileid="10" />
                <SequencePoint vc="0" uspid="1459" ordinal="0" offset="30" sl="15" sc="9" el="15" ec="9" bec="0" bev="0" fileid="10" />
                <SequencePoint vc="4" uspid="1460" ordinal="0" offset="31" sl="16" sc="5" el="16" ec="5" bec="0" bev="0" fileid="10" />
              </SequencePoints>
              <BranchPoints />
            </Method>
            <Method visited="true" cyclomaticComplexity="0" nPathComplexity="0" sequenceCoverage="100.0" branchCoverage="0" crapScore="0" isConstructor="false" isStatic="false" isGetter="false" isSetter="false">
              <Summary numSequencePoints="1" visitedSequencePoints="1" numBranchPoints="0" visitedBranchPoints="0" sequenceCoverage="100.0" branchCoverage="0" maxCyclomaticComplexity="0" minCyclomaticComplexity="0" maxCrapScore="0" minCrapScore="0" visitedClasses="0" numClasses="0" visitedMethods="1" numMethods="1" />
              <MetadataToken>100663301</MetadataToken>
              <Name>System.Void SubPageA::BackToTopPage()</Name>
              <FileRef uid="10" />
              <SequencePoints>
                <SequencePoint vc="4" uspid="1461" ordinal="0" offset="0" sl="19" sc="36" el="19" ec="36" bec="0" bev="0" fileid="10" />
              </SequencePoints>
              <BranchPoints />
            </Method>
          </Methods>
        </Class>
        <Class>
          <Summary numSequencePoints="7" visitedSequencePoints="4" numBranchPoints="0" visitedBranchPoints="0" sequenceCoverage="57.14" branchCoverage="0.0" maxCyclomaticComplexity="0" minCyclomaticComplexity="0" maxCrapScore="0" minCrapScore="0" visitedClasses="1" numClasses="1" visitedMethods="2" numMethods="2" />
          <FullName>SubPageB</FullName>
          <Methods>
            <Method visited="true" cyclomaticComplexity="0" nPathComplexity="0" sequenceCoverage="50.00" branchCoverage="0" crapScore="0" isConstructor="false" isStatic="false" isGetter="false" isSetter="false">
              <Summary numSequencePoints="6" visitedSequencePoints="3" numBranchPoints="0" visitedBranchPoints="0" sequenceCoverage="50.00" branchCoverage="0" maxCyclomaticComplexity="0" minCyclomaticComplexity="0" maxCrapScore="0" minCrapScore="0" visitedClasses="0" numClasses="0" visitedMethods="1" numMethods="1" />
              <MetadataToken>100663303</MetadataToken>
              <Name>System.Void SubPageB::OnValidate()</Name>
              <FileRef uid="11" />
              <SequencePoints>
                <SequencePoint vc="4" uspid="1462" ordinal="0" offset="0" sl="11" sc="5" el="11" ec="5" bec="0" bev="0" fileid="11" />
                <SequencePoint vc="4" uspid="1463" ordinal="0" offset="1" sl="12" sc="9" el="12" ec="9" bec="0" bev="0" fileid="11" />
                <SequencePoint vc="0" uspid="1464" ordinal="0" offset="17" sl="13" sc="9" el="13" ec="9" bec="0" bev="0" fileid="11" />
                <SequencePoint vc="0" uspid="1465" ordinal="0" offset="18" sl="14" sc="13" el="14" ec="13" bec="0" bev="0" fileid="11" />
                <SequencePoint vc="0" uspid="1466" ordinal="0" offset="30" sl="15" sc="9" el="15" ec="9" bec="0" bev="0" fileid="11" />
                <SequencePoint vc="4" uspid="1467" ordinal="0" offset="31" sl="16" sc="5" el="16" ec="5" bec="0" bev="0" fileid="11" />
              </SequencePoints>
              <BranchPoints />
            </Method>
            <Method visited="true" cyclomaticComplexity="0" nPathComplexity="0" sequenceCoverage="100.0" branchCoverage="0" crapScore="0" isConstructor="false" isStatic="false" isGetter="false" isSetter="false">
              <Summary numSequencePoints="1" visitedSequencePoints="1" numBranchPoints="0" visitedBranchPoints="0" sequenceCoverage="100.0" branchCoverage="0" maxCyclomaticComplexity="0" minCyclomaticComplexity="0" maxCrapScore="0" minCrapScore="0" visitedClasses="0" numClasses="0" visitedMethods="1" numMethods="1" />
              <MetadataToken>100663304</MetadataToken>
              <Name>System.Void SubPageB::BackToTopPage()</Name>
              <FileRef uid="11" />
              <SequencePoints>
                <SequencePoint vc="3" uspid="1468" ordinal="0" offset="0" sl="19" sc="36" el="19" ec="36" bec="0" bev="0" fileid="11" />
              </SequencePoints>
              <BranchPoints />
            </Method>
          </Methods>
        </Class>
        <Class>
          <Summary numSequencePoints="8" visitedSequencePoints="5" numBranchPoints="0" visitedBranchPoints="0" sequenceCoverage="62.50" branchCoverage="0.0" maxCyclomaticComplexity="0" minCyclomaticComplexity="0" maxCrapScore="0" minCrapScore="0" visitedClasses="1" numClasses="1" visitedMethods="3" numMethods="3" />
          <FullName>TopPage</FullName>
          <Methods>
            <Method visited="true" cyclomaticComplexity="0" nPathComplexity="0" sequenceCoverage="50.00" branchCoverage="0" crapScore="0" isConstructor="false" isStatic="false" isGetter="false" isSetter="false">
              <Summary numSequencePoints="6" visitedSequencePoints="3" numBranchPoints="0" visitedBranchPoints="0" sequenceCoverage="50.00" branchCoverage="0" maxCyclomaticComplexity="0" minCyclomaticComplexity="0" maxCrapScore="0" minCrapScore="0" visitedClasses="0" numClasses="0" visitedMethods="1" numMethods="1" />
              <MetadataToken>100663306</MetadataToken>
              <Name>System.Void TopPage::OnValidate()</Name>
              <FileRef uid="12" />
              <SequencePoints>
                <SequencePoint vc="4" uspid="1469" ordinal="0" offset="0" sl="11" sc="5" el="11" ec="5" bec="0" bev="0" fileid="12" />
                <SequencePoint vc="4" uspid="1470" ordinal="0" offset="1" sl="12" sc="9" el="12" ec="9" bec="0" bev="0" fileid="12" />
                <SequencePoint vc="0" uspid="1471" ordinal="0" offset="17" sl="13" sc="9" el="13" ec="9" bec="0" bev="0" fileid="12" />
                <SequencePoint vc="0" uspid="1472" ordinal="0" offset="18" sl="14" sc="13" el="14" ec="13" bec="0" bev="0" fileid="12" />
                <SequencePoint vc="0" uspid="1473" ordinal="0" offset="30" sl="15" sc="9" el="15" ec="9" bec="0" bev="0" fileid="12" />
                <SequencePoint vc="4" uspid="1474" ordinal="0" offset="31" sl="16" sc="5" el="16" ec="5" bec="0" bev="0" fileid="12" />
              </SequencePoints>
              <BranchPoints />
            </Method>
            <Method visited="true" cyclomaticComplexity="0" nPathComplexity="0" sequenceCoverage="100.0" branchCoverage="0" crapScore="0" isConstructor="false" isStatic="false" isGetter="false" isSetter="false">
              <Summary numSequencePoints="1" visitedSequencePoints="1" numBranchPoints="0" visitedBranchPoints="0" sequenceCoverage="100.0" branchCoverage="0" maxCyclomaticComplexity="0" minCyclomaticComplexity="0" maxCrapScore="0" minCrapScore="0" visitedClasses="0" numClasses="0" visitedMethods="1" numMethods="1" />
              <MetadataToken>100663307</MetadataToken>
              <Name>System.Void TopPage::OpenPageA()</Name>
              <FileRef uid="12" />
              <SequencePoints>
                <SequencePoint vc="4" uspid="1475" ordinal="0" offset="0" sl="18" sc="32" el="18" ec="32" bec="0" bev="0" fileid="12" />
              </SequencePoints>
              <BranchPoints />
            </Method>
            <Method visited="true" cyclomaticComplexity="0" nPathComplexity="0" sequenceCoverage="100.0" branchCoverage="0" crapScore="0" isConstructor="false" isStatic="false" isGetter="false" isSetter="false">
              <Summary numSequencePoints="1" visitedSequencePoints="1" numBranchPoints="0" visitedBranchPoints="0" sequenceCoverage="100.0" branchCoverage="0" maxCyclomaticComplexity="0" minCyclomaticComplexity="0" maxCrapScore="0" minCrapScore="0" visitedClasses="0" numClasses="0" visitedMethods="1" numMethods="1" />
              <MetadataToken>100663308</MetadataToken>
              <Name>System.Void TopPage::OpenPageB()</Name>
              <FileRef uid="12" />
              <SequencePoints>
                <SequencePoint vc="3" uspid="1476" ordinal="0" offset="0" sl="19" sc="32" el="19" ec="32" bec="0" bev="0" fileid="12" />
              </SequencePoints>
              <BranchPoints />
            </Method>
          </Methods>
        </Class>
      </Classes>
    </Module>
  </Modules>
</CoverageSession>